{"D:\\Personal-Finance-Tracker-Backend\\models\\Budget.ts": {"path":"D:\\Personal-Finance-Tracker-Backend\\models\\Budget.ts","statementMap":{"0":{"start":{"line":1,"column":0},"end":{"line":1,"column":61}},"1":{"start":{"line":14,"column":21},"end":{"line":23,"column":2}},"2":{"start":{"line":25,"column":0},"end":{"line":28,"column":3}},"3":{"start":{"line":26,"column":2},"end":{"line":26,"column":30}},"4":{"start":{"line":27,"column":2},"end":{"line":27,"column":9}},"5":{"start":{"line":30,"column":0},"end":{"line":33,"column":3}},"6":{"start":{"line":31,"column":2},"end":{"line":31,"column":38}},"7":{"start":{"line":32,"column":2},"end":{"line":32,"column":9}},"8":{"start":{"line":35,"column":34},"end":{"line":37,"column":null}},"9":{"start":{"line":39,"column":0},"end":{"line":39,"column":22}}},"fnMap":{"0":{"name":"(anonymous_9)","decl":{"start":{"line":25,"column":25},"end":{"line":25,"column":35}},"loc":{"start":{"line":25,"column":39},"end":{"line":28,"column":1}}},"1":{"name":"(anonymous_10)","decl":{"start":{"line":30,"column":37},"end":{"line":30,"column":47}},"loc":{"start":{"line":30,"column":51},"end":{"line":33,"column":1}}}},"branchMap":{},"s":{"0":3,"1":3,"2":3,"3":0,"4":0,"5":3,"6":0,"7":0,"8":3,"9":3},"f":{"0":0,"1":0},"b":{}}
,"D:\\Personal-Finance-Tracker-Backend\\models\\Category.ts": {"path":"D:\\Personal-Finance-Tracker-Backend\\models\\Category.ts","statementMap":{"0":{"start":{"line":1,"column":0},"end":{"line":1,"column":54}},"1":{"start":{"line":3,"column":20},"end":{"line":3,"column":44}},"2":{"start":{"line":4,"column":23},"end":{"line":4,"column":53}},"3":{"start":{"line":17,"column":23},"end":{"line":68,"column":null}},"4":{"start":{"line":31,"column":28},"end":{"line":31,"column":45}},"5":{"start":{"line":33,"column":38},"end":{"line":33,"column":61}},"6":{"start":{"line":35,"column":10},"end":{"line":35,"column":57}},"7":{"start":{"line":72,"column":0},"end":{"line":72,"column":70}},"8":{"start":{"line":74,"column":0},"end":{"line":74,"column":69}}},"fnMap":{"0":{"name":"(anonymous_9)","decl":{"start":{"line":31,"column":11},"end":{"line":31,"column":12}},"loc":{"start":{"line":31,"column":28},"end":{"line":31,"column":45}}},"1":{"name":"(anonymous_10)","decl":{"start":{"line":33,"column":19},"end":{"line":33,"column":20}},"loc":{"start":{"line":33,"column":38},"end":{"line":33,"column":61}}},"2":{"name":"(anonymous_11)","decl":{"start":{"line":34,"column":17},"end":{"line":34,"column":18}},"loc":{"start":{"line":35,"column":10},"end":{"line":35,"column":57}}}},"branchMap":{},"s":{"0":2,"1":2,"2":2,"3":2,"4":0,"5":0,"6":0,"7":2,"8":2},"f":{"0":0,"1":0,"2":0},"b":{}}
,"D:\\Personal-Finance-Tracker-Backend\\models\\Transaction.ts": {"path":"D:\\Personal-Finance-Tracker-Backend\\models\\Transaction.ts","statementMap":{"0":{"start":{"line":1,"column":0},"end":{"line":1,"column":61}},"1":{"start":{"line":3,"column":26},"end":{"line":3,"column":56}},"2":{"start":{"line":4,"column":24},"end":{"line":4,"column":75}},"3":{"start":{"line":26,"column":26},"end":{"line":102,"column":null}},"4":{"start":{"line":62,"column":21},"end":{"line":62,"column":31}},"5":{"start":{"line":64,"column":36},"end":{"line":64,"column":55}},"6":{"start":{"line":106,"column":0},"end":{"line":106,"column":47}},"7":{"start":{"line":107,"column":0},"end":{"line":107,"column":56}},"8":{"start":{"line":110,"column":0},"end":{"line":127,"column":3}},"9":{"start":{"line":111,"column":2},"end":{"line":125,"column":3}},"10":{"start":{"line":112,"column":4},"end":{"line":116,"column":5}},"11":{"start":{"line":113,"column":6},"end":{"line":115,"column":8}},"12":{"start":{"line":117,"column":9},"end":{"line":125,"column":3}},"13":{"start":{"line":118,"column":4},"end":{"line":124,"column":5}},"14":{"start":{"line":119,"column":6},"end":{"line":123,"column":8}},"15":{"start":{"line":126,"column":2},"end":{"line":126,"column":9}},"16":{"start":{"line":129,"column":41},"end":{"line":131,"column":null}},"17":{"start":{"line":134,"column":0},"end":{"line":134,"column":27}}},"fnMap":{"0":{"name":"(anonymous_9)","decl":{"start":{"line":62,"column":15},"end":{"line":62,"column":18}},"loc":{"start":{"line":62,"column":21},"end":{"line":62,"column":31}}},"1":{"name":"(anonymous_10)","decl":{"start":{"line":64,"column":19},"end":{"line":64,"column":20}},"loc":{"start":{"line":64,"column":36},"end":{"line":64,"column":55}}},"2":{"name":"(anonymous_11)","decl":{"start":{"line":110,"column":34},"end":{"line":110,"column":64}},"loc":{"start":{"line":110,"column":68},"end":{"line":127,"column":1}}}},"branchMap":{"0":{"loc":{"start":{"line":111,"column":2},"end":{"line":125,"column":3}},"type":"if","locations":[{"start":{"line":111,"column":2},"end":{"line":125,"column":3}},{"start":{"line":117,"column":9},"end":{"line":125,"column":3}}]},"1":{"loc":{"start":{"line":112,"column":4},"end":{"line":116,"column":5}},"type":"if","locations":[{"start":{"line":112,"column":4},"end":{"line":116,"column":5}},{"start":{},"end":{}}]},"2":{"loc":{"start":{"line":112,"column":8},"end":{"line":112,"column":54}},"type":"binary-expr","locations":[{"start":{"line":112,"column":8},"end":{"line":112,"column":26}},{"start":{"line":112,"column":30},"end":{"line":112,"column":54}}]},"3":{"loc":{"start":{"line":117,"column":9},"end":{"line":125,"column":3}},"type":"if","locations":[{"start":{"line":117,"column":9},"end":{"line":125,"column":3}},{"start":{},"end":{}}]},"4":{"loc":{"start":{"line":118,"column":4},"end":{"line":124,"column":5}},"type":"if","locations":[{"start":{"line":118,"column":4},"end":{"line":124,"column":5}},{"start":{},"end":{}}]},"5":{"loc":{"start":{"line":118,"column":8},"end":{"line":118,"column":60}},"type":"binary-expr","locations":[{"start":{"line":118,"column":8},"end":{"line":118,"column":29}},{"start":{"line":118,"column":33},"end":{"line":118,"column":60}}]}},"s":{"0":8,"1":8,"2":8,"3":8,"4":0,"5":0,"6":8,"7":8,"8":8,"9":0,"10":0,"11":0,"12":0,"13":0,"14":0,"15":0,"16":8,"17":8},"f":{"0":0,"1":0,"2":0},"b":{"0":[0,0],"1":[0,0],"2":[0,0],"3":[0,0],"4":[0,0],"5":[0,0]}}
,"D:\\Personal-Finance-Tracker-Backend\\models\\User.ts": {"path":"D:\\Personal-Finance-Tracker-Backend\\models\\User.ts","statementMap":{"0":{"start":{"line":1,"column":0},"end":{"line":1,"column":68}},"1":{"start":{"line":2,"column":0},"end":{"line":2,"column":30}},"2":{"start":{"line":10,"column":0},"end":{"line":10,"column":null}},"3":{"start":{"line":12,"column":2},"end":{"line":12,"column":null}},"4":{"start":{"line":39,"column":19},"end":{"line":59,"column":2}},"5":{"start":{"line":61,"column":0},"end":{"line":66,"column":3}},"6":{"start":{"line":62,"column":2},"end":{"line":62,"column":50}},"7":{"start":{"line":62,"column":36},"end":{"line":62,"column":50}},"8":{"start":{"line":63,"column":15},"end":{"line":63,"column":39}},"9":{"start":{"line":64,"column":2},"end":{"line":64,"column":57}},"10":{"start":{"line":65,"column":2},"end":{"line":65,"column":9}},"11":{"start":{"line":68,"column":0},"end":{"line":71,"column":3}},"12":{"start":{"line":69,"column":2},"end":{"line":69,"column":39}},"13":{"start":{"line":70,"column":2},"end":{"line":70,"column":9}},"14":{"start":{"line":73,"column":0},"end":{"line":76,"column":3}},"15":{"start":{"line":74,"column":2},"end":{"line":74,"column":39}},"16":{"start":{"line":75,"column":2},"end":{"line":75,"column":9}},"17":{"start":{"line":78,"column":0},"end":{"line":82,"column":2}},"18":{"start":{"line":81,"column":2},"end":{"line":81,"column":62}},"19":{"start":{"line":84,"column":35},"end":{"line":86,"column":null}},"20":{"start":{"line":88,"column":0},"end":{"line":88,"column":20}}},"fnMap":{"0":{"name":"(anonymous_10)","decl":{"start":{"line":10,"column":0},"end":{"line":10,"column":12}},"loc":{"start":{"line":10,"column":20},"end":{"line":13,"column":1}}},"1":{"name":"(anonymous_11)","decl":{"start":{"line":61,"column":38},"end":{"line":61,"column":43}},"loc":{"start":{"line":61,"column":58},"end":{"line":66,"column":1}}},"2":{"name":"(anonymous_12)","decl":{"start":{"line":68,"column":35},"end":{"line":68,"column":45}},"loc":{"start":{"line":68,"column":49},"end":{"line":71,"column":1}}},"3":{"name":"(anonymous_13)","decl":{"start":{"line":73,"column":28},"end":{"line":73,"column":38}},"loc":{"start":{"line":73,"column":42},"end":{"line":76,"column":1}}},"4":{"name":"(anonymous_14)","decl":{"start":{"line":78,"column":35},"end":{"line":78,"column":40}},"loc":{"start":{"line":79,"column":25},"end":{"line":82,"column":1}}}},"branchMap":{"0":{"loc":{"start":{"line":10,"column":12},"end":{"line":10,"column":null}},"type":"binary-expr","locations":[{"start":{"line":10,"column":12},"end":{"line":10,"column":20}},{"start":{"line":10,"column":20},"end":{"line":10,"column":null}}]},"1":{"loc":{"start":{"line":62,"column":2},"end":{"line":62,"column":50}},"type":"if","locations":[{"start":{"line":62,"column":2},"end":{"line":62,"column":50}},{"start":{},"end":{}}]}},"s":{"0":5,"1":5,"2":5,"3":5,"4":5,"5":5,"6":0,"7":0,"8":0,"9":0,"10":0,"11":5,"12":0,"13":0,"14":5,"15":0,"16":0,"17":5,"18":0,"19":5,"20":5},"f":{"0":5,"1":0,"2":0,"3":0,"4":0},"b":{"0":[5,5],"1":[0,0]}}
,"D:\\Personal-Finance-Tracker-Backend\\src\\modules\\auth\\auth.controller.ts": {"path":"D:\\Personal-Finance-Tracker-Backend\\src\\modules\\auth\\auth.controller.ts","statementMap":{"0":{"start":{"line":2,"column":0},"end":{"line":2,"column":45}},"1":{"start":{"line":5,"column":22},"end":{"line":30,"column":1}},"2":{"start":{"line":10,"column":2},"end":{"line":29,"column":3}},"3":{"start":{"line":11,"column":19},"end":{"line":11,"column":53}},"4":{"start":{"line":23,"column":4},"end":{"line":26,"column":7}},"5":{"start":{"line":28,"column":4},"end":{"line":28,"column":14}},"6":{"start":{"line":5,"column":13},"end":{"line":5,"column":22}},"7":{"start":{"line":32,"column":21},"end":{"line":59,"column":1}},"8":{"start":{"line":37,"column":2},"end":{"line":58,"column":3}},"9":{"start":{"line":38,"column":19},"end":{"line":38,"column":52}},"10":{"start":{"line":50,"column":4},"end":{"line":55,"column":7}},"11":{"start":{"line":57,"column":4},"end":{"line":57,"column":14}},"12":{"start":{"line":32,"column":13},"end":{"line":32,"column":21}},"13":{"start":{"line":62,"column":22},"end":{"line":77,"column":1}},"14":{"start":{"line":67,"column":23},"end":{"line":67,"column":60}},"15":{"start":{"line":69,"column":2},"end":{"line":74,"column":5}},"16":{"start":{"line":76,"column":2},"end":{"line":76,"column":63}},"17":{"start":{"line":62,"column":13},"end":{"line":62,"column":22}},"18":{"start":{"line":79,"column":23},"end":{"line":97,"column":1}},"19":{"start":{"line":84,"column":2},"end":{"line":96,"column":3}},"20":{"start":{"line":85,"column":4},"end":{"line":88,"column":5}},"21":{"start":{"line":86,"column":6},"end":{"line":86,"column":56}},"22":{"start":{"line":87,"column":6},"end":{"line":87,"column":13}},"23":{"start":{"line":90,"column":20},"end":{"line":90,"column":61}},"24":{"start":{"line":91,"column":17},"end":{"line":91,"column":50}},"25":{"start":{"line":92,"column":4},"end":{"line":92,"column":31}},"26":{"start":{"line":93,"column":4},"end":{"line":93,"column":31}},"27":{"start":{"line":95,"column":4},"end":{"line":95,"column":14}},"28":{"start":{"line":79,"column":13},"end":{"line":79,"column":23}},"29":{"start":{"line":99,"column":26},"end":{"line":116,"column":1}},"30":{"start":{"line":104,"column":2},"end":{"line":115,"column":3}},"31":{"start":{"line":105,"column":4},"end":{"line":108,"column":5}},"32":{"start":{"line":106,"column":6},"end":{"line":106,"column":56}},"33":{"start":{"line":107,"column":6},"end":{"line":107,"column":13}},"34":{"start":{"line":110,"column":20},"end":{"line":110,"column":61}},"35":{"start":{"line":111,"column":4},"end":{"line":111,"column":41}},"36":{"start":{"line":112,"column":4},"end":{"line":112,"column":27}},"37":{"start":{"line":114,"column":4},"end":{"line":114,"column":14}},"38":{"start":{"line":99,"column":13},"end":{"line":99,"column":26}}},"fnMap":{"0":{"name":"(anonymous_0)","decl":{"start":{"line":5,"column":22},"end":{"line":5,"column":27}},"loc":{"start":{"line":9,"column":4},"end":{"line":30,"column":1}}},"1":{"name":"(anonymous_1)","decl":{"start":{"line":32,"column":21},"end":{"line":32,"column":26}},"loc":{"start":{"line":36,"column":4},"end":{"line":59,"column":1}}},"2":{"name":"(anonymous_2)","decl":{"start":{"line":62,"column":22},"end":{"line":62,"column":27}},"loc":{"start":{"line":66,"column":4},"end":{"line":77,"column":1}}},"3":{"name":"(anonymous_3)","decl":{"start":{"line":79,"column":23},"end":{"line":79,"column":28}},"loc":{"start":{"line":83,"column":4},"end":{"line":97,"column":1}}},"4":{"name":"(anonymous_4)","decl":{"start":{"line":99,"column":26},"end":{"line":99,"column":31}},"loc":{"start":{"line":103,"column":4},"end":{"line":116,"column":1}}}},"branchMap":{"0":{"loc":{"start":{"line":72,"column":14},"end":{"line":72,"column":43}},"type":"cond-expr","locations":[{"start":{"line":72,"column":29},"end":{"line":72,"column":35}},{"start":{"line":72,"column":38},"end":{"line":72,"column":43}}]},"1":{"loc":{"start":{"line":85,"column":4},"end":{"line":88,"column":5}},"type":"if","locations":[{"start":{"line":85,"column":4},"end":{"line":88,"column":5}},{"start":{},"end":{}}]},"2":{"loc":{"start":{"line":105,"column":4},"end":{"line":108,"column":5}},"type":"if","locations":[{"start":{"line":105,"column":4},"end":{"line":108,"column":5}},{"start":{},"end":{}}]}},"s":{"0":1,"1":1,"2":2,"3":2,"4":1,"5":1,"6":1,"7":1,"8":2,"9":2,"10":1,"11":1,"12":1,"13":1,"14":1,"15":1,"16":1,"17":1,"18":1,"19":3,"20":3,"21":1,"22":1,"23":2,"24":2,"25":1,"26":1,"27":1,"28":1,"29":1,"30":3,"31":3,"32":1,"33":1,"34":2,"35":2,"36":1,"37":1,"38":1},"f":{"0":2,"1":2,"2":1,"3":3,"4":3},"b":{"0":[0,1],"1":[1,2],"2":[1,2]}}
,"D:\\Personal-Finance-Tracker-Backend\\src\\modules\\auth\\auth.middleware.ts": {"path":"D:\\Personal-Finance-Tracker-Backend\\src\\modules\\auth\\auth.middleware.ts","statementMap":{"0":{"start":{"line":2,"column":0},"end":{"line":2,"column":31}},"1":{"start":{"line":3,"column":0},"end":{"line":3,"column":40}},"2":{"start":{"line":4,"column":0},"end":{"line":4,"column":28}},"3":{"start":{"line":5,"column":0},"end":{"line":5,"column":54}},"4":{"start":{"line":7,"column":0},"end":{"line":7,"column":16}},"5":{"start":{"line":9,"column":16},"end":{"line":50,"column":1}},"6":{"start":{"line":14,"column":2},"end":{"line":49,"column":3}},"7":{"start":{"line":18,"column":23},"end":{"line":18,"column":48}},"8":{"start":{"line":19,"column":4},"end":{"line":21,"column":5}},"9":{"start":{"line":20,"column":6},"end":{"line":20,"column":39}},"10":{"start":{"line":24,"column":4},"end":{"line":26,"column":5}},"11":{"start":{"line":25,"column":6},"end":{"line":25,"column":32}},"12":{"start":{"line":29,"column":4},"end":{"line":31,"column":5}},"13":{"start":{"line":30,"column":6},"end":{"line":30,"column":70}},"14":{"start":{"line":34,"column":20},"end":{"line":34,"column":null}},"15":{"start":{"line":39,"column":17},"end":{"line":39,"column":68}},"16":{"start":{"line":40,"column":4},"end":{"line":42,"column":5}},"17":{"start":{"line":41,"column":6},"end":{"line":41,"column":55}},"18":{"start":{"line":44,"column":4},"end":{"line":44,"column":20}},"19":{"start":{"line":45,"column":4},"end":{"line":45,"column":11}},"20":{"start":{"line":47,"column":4},"end":{"line":47,"column":49}},"21":{"start":{"line":48,"column":4},"end":{"line":48,"column":63}},"22":{"start":{"line":52,"column":0},"end":{"line":52,"column":23}}},"fnMap":{"0":{"name":"(anonymous_1)","decl":{"start":{"line":9,"column":16},"end":{"line":9,"column":21}},"loc":{"start":{"line":13,"column":19},"end":{"line":50,"column":1}}}},"branchMap":{"0":{"loc":{"start":{"line":19,"column":4},"end":{"line":21,"column":5}},"type":"if","locations":[{"start":{"line":19,"column":4},"end":{"line":21,"column":5}},{"start":{},"end":{}}]},"1":{"loc":{"start":{"line":24,"column":4},"end":{"line":26,"column":5}},"type":"if","locations":[{"start":{"line":24,"column":4},"end":{"line":26,"column":5}},{"start":{},"end":{}}]},"2":{"loc":{"start":{"line":24,"column":8},"end":{"line":24,"column":36}},"type":"binary-expr","locations":[{"start":{"line":24,"column":8},"end":{"line":24,"column":14}},{"start":{"line":24,"column":18},"end":{"line":24,"column":36}}]},"3":{"loc":{"start":{"line":29,"column":4},"end":{"line":31,"column":5}},"type":"if","locations":[{"start":{"line":29,"column":4},"end":{"line":31,"column":5}},{"start":{},"end":{}}]},"4":{"loc":{"start":{"line":40,"column":4},"end":{"line":42,"column":5}},"type":"if","locations":[{"start":{"line":40,"column":4},"end":{"line":42,"column":5}},{"start":{},"end":{}}]}},"s":{"0":1,"1":1,"2":1,"3":1,"4":1,"5":1,"6":5,"7":5,"8":5,"9":3,"10":5,"11":1,"12":5,"13":1,"14":4,"15":3,"16":3,"17":1,"18":2,"19":2,"20":1,"21":1,"22":1},"f":{"0":5},"b":{"0":[3,2],"1":[1,4],"2":[5,2],"3":[1,4],"4":[1,2]}}
,"D:\\Personal-Finance-Tracker-Backend\\src\\modules\\auth\\auth.repository.ts": {"path":"D:\\Personal-Finance-Tracker-Backend\\src\\modules\\auth\\auth.repository.ts","statementMap":{"0":{"start":{"line":1,"column":0},"end":{"line":1,"column":40}},"1":{"start":{"line":4,"column":13},"end":{"line":9,"column":2}},"2":{"start":{"line":5,"column":40},"end":{"line":5,"column":63}},"3":{"start":{"line":6,"column":49},"end":{"line":6,"column":66}},"4":{"start":{"line":7,"column":34},"end":{"line":7,"column":71}},"5":{"start":{"line":8,"column":36},"end":{"line":8,"column":62}}},"fnMap":{"0":{"name":"(anonymous_1)","decl":{"start":{"line":5,"column":15},"end":{"line":5,"column":20}},"loc":{"start":{"line":5,"column":40},"end":{"line":5,"column":63}}},"1":{"name":"(anonymous_2)","decl":{"start":{"line":6,"column":14},"end":{"line":6,"column":19}},"loc":{"start":{"line":6,"column":49},"end":{"line":6,"column":66}}},"2":{"name":"(anonymous_3)","decl":{"start":{"line":7,"column":12},"end":{"line":7,"column":17}},"loc":{"start":{"line":7,"column":34},"end":{"line":7,"column":71}}},"3":{"name":"(anonymous_4)","decl":{"start":{"line":8,"column":14},"end":{"line":8,"column":19}},"loc":{"start":{"line":8,"column":36},"end":{"line":8,"column":62}}}},"branchMap":{},"s":{"0":3,"1":3,"2":1,"3":1,"4":1,"5":1},"f":{"0":1,"1":1,"2":1,"3":1},"b":{}}
,"D:\\Personal-Finance-Tracker-Backend\\src\\modules\\auth\\auth.service.ts": {"path":"D:\\Personal-Finance-Tracker-Backend\\src\\modules\\auth\\auth.service.ts","statementMap":{"0":{"start":{"line":2,"column":0},"end":{"line":2,"column":31}},"1":{"start":{"line":3,"column":0},"end":{"line":3,"column":28}},"2":{"start":{"line":4,"column":0},"end":{"line":4,"column":51}},"3":{"start":{"line":6,"column":0},"end":{"line":6,"column":54}},"4":{"start":{"line":8,"column":0},"end":{"line":8,"column":16}},"5":{"start":{"line":10,"column":13},"end":{"line":53,"column":2}},"6":{"start":{"line":12,"column":25},"end":{"line":12,"column":69}},"7":{"start":{"line":13,"column":4},"end":{"line":13,"column":69}},"8":{"start":{"line":13,"column":22},"end":{"line":13,"column":69}},"9":{"start":{"line":15,"column":17},"end":{"line":15,"column":54}},"10":{"start":{"line":16,"column":4},"end":{"line":19,"column":6}},"11":{"start":{"line":23,"column":17},"end":{"line":23,"column":61}},"12":{"start":{"line":24,"column":4},"end":{"line":24,"column":62}},"13":{"start":{"line":24,"column":15},"end":{"line":24,"column":62}},"14":{"start":{"line":26,"column":20},"end":{"line":26,"column":59}},"15":{"start":{"line":27,"column":4},"end":{"line":27,"column":65}},"16":{"start":{"line":27,"column":18},"end":{"line":27,"column":65}},"17":{"start":{"line":29,"column":4},"end":{"line":34,"column":6}},"18":{"start":{"line":38,"column":17},"end":{"line":38,"column":50}},"19":{"start":{"line":39,"column":4},"end":{"line":39,"column":57}},"20":{"start":{"line":39,"column":15},"end":{"line":39,"column":57}},"21":{"start":{"line":40,"column":4},"end":{"line":40,"column":16}},"22":{"start":{"line":44,"column":20},"end":{"line":44,"column":55}},"23":{"start":{"line":45,"column":4},"end":{"line":45,"column":79}},"24":{"start":{"line":45,"column":18},"end":{"line":45,"column":79}},"25":{"start":{"line":49,"column":4},"end":{"line":51,"column":7}}},"fnMap":{"0":{"name":"(anonymous_1)","decl":{"start":{"line":11,"column":10},"end":{"line":11,"column":15}},"loc":{"start":{"line":11,"column":44},"end":{"line":20,"column":3}}},"1":{"name":"(anonymous_2)","decl":{"start":{"line":22,"column":9},"end":{"line":22,"column":14}},"loc":{"start":{"line":22,"column":41},"end":{"line":35,"column":3}}},"2":{"name":"(anonymous_3)","decl":{"start":{"line":37,"column":11},"end":{"line":37,"column":16}},"loc":{"start":{"line":37,"column":32},"end":{"line":41,"column":3}}},"3":{"name":"(anonymous_4)","decl":{"start":{"line":43,"column":14},"end":{"line":43,"column":19}},"loc":{"start":{"line":43,"column":35},"end":{"line":46,"column":3}}},"4":{"name":"(anonymous_5)","decl":{"start":{"line":48,"column":17},"end":{"line":48,"column":18}},"loc":{"start":{"line":48,"column":32},"end":{"line":52,"column":3}}}},"branchMap":{"0":{"loc":{"start":{"line":13,"column":4},"end":{"line":13,"column":69}},"type":"if","locations":[{"start":{"line":13,"column":4},"end":{"line":13,"column":69}},{"start":{},"end":{}}]},"1":{"loc":{"start":{"line":24,"column":4},"end":{"line":24,"column":62}},"type":"if","locations":[{"start":{"line":24,"column":4},"end":{"line":24,"column":62}},{"start":{},"end":{}}]},"2":{"loc":{"start":{"line":27,"column":4},"end":{"line":27,"column":65}},"type":"if","locations":[{"start":{"line":27,"column":4},"end":{"line":27,"column":65}},{"start":{},"end":{}}]},"3":{"loc":{"start":{"line":39,"column":4},"end":{"line":39,"column":57}},"type":"if","locations":[{"start":{"line":39,"column":4},"end":{"line":39,"column":57}},{"start":{},"end":{}}]},"4":{"loc":{"start":{"line":45,"column":4},"end":{"line":45,"column":79}},"type":"if","locations":[{"start":{"line":45,"column":4},"end":{"line":45,"column":79}},{"start":{},"end":{}}]}},"s":{"0":2,"1":2,"2":2,"3":2,"4":2,"5":2,"6":2,"7":2,"8":1,"9":1,"10":1,"11":3,"12":3,"13":1,"14":2,"15":2,"16":1,"17":1,"18":2,"19":2,"20":1,"21":1,"22":2,"23":2,"24":1,"25":0},"f":{"0":2,"1":3,"2":2,"3":2,"4":0},"b":{"0":[1,1],"1":[1,2],"2":[1,1],"3":[1,1],"4":[1,1]}}
,"D:\\Personal-Finance-Tracker-Backend\\src\\modules\\auth\\auth.validator.ts": {"path":"D:\\Personal-Finance-Tracker-Backend\\src\\modules\\auth\\auth.validator.ts","statementMap":{"0":{"start":{"line":1,"column":0},"end":{"line":1,"column":24}},"1":{"start":{"line":3,"column":13},"end":{"line":8,"column":3}},"2":{"start":{"line":10,"column":13},"end":{"line":13,"column":3}}},"fnMap":{},"branchMap":{},"s":{"0":1,"1":1,"2":1},"f":{},"b":{}}
,"D:\\Personal-Finance-Tracker-Backend\\src\\modules\\auth\\user.controller.ts": {"path":"D:\\Personal-Finance-Tracker-Backend\\src\\modules\\auth\\user.controller.ts","statementMap":{"0":{"start":{"line":2,"column":0},"end":{"line":2,"column":40}},"1":{"start":{"line":4,"column":33},"end":{"line":23,"column":1}},"2":{"start":{"line":9,"column":17},"end":{"line":9,"column":42}},"3":{"start":{"line":10,"column":2},"end":{"line":10,"column":72}},"4":{"start":{"line":10,"column":15},"end":{"line":10,"column":72}},"5":{"start":{"line":11,"column":2},"end":{"line":22,"column":3}},"6":{"start":{"line":12,"column":38},"end":{"line":12,"column":46}},"7":{"start":{"line":13,"column":20},"end":{"line":17,"column":25}},"8":{"start":{"line":18,"column":4},"end":{"line":18,"column":78}},"9":{"start":{"line":18,"column":18},"end":{"line":18,"column":78}},"10":{"start":{"line":19,"column":4},"end":{"line":19,"column":34}},"11":{"start":{"line":21,"column":4},"end":{"line":21,"column":14}},"12":{"start":{"line":4,"column":13},"end":{"line":4,"column":33}}},"fnMap":{"0":{"name":"(anonymous_1)","decl":{"start":{"line":4,"column":33},"end":{"line":4,"column":38}},"loc":{"start":{"line":8,"column":4},"end":{"line":23,"column":1}}}},"branchMap":{"0":{"loc":{"start":{"line":10,"column":2},"end":{"line":10,"column":72}},"type":"if","locations":[{"start":{"line":10,"column":2},"end":{"line":10,"column":72}},{"start":{},"end":{}}]},"1":{"loc":{"start":{"line":18,"column":4},"end":{"line":18,"column":78}},"type":"if","locations":[{"start":{"line":18,"column":4},"end":{"line":18,"column":78}},{"start":{},"end":{}}]}},"s":{"0":1,"1":1,"2":4,"3":4,"4":1,"5":3,"6":3,"7":3,"8":2,"9":1,"10":1,"11":1,"12":1},"f":{"0":4},"b":{"0":[1,3],"1":[1,1]}}
,"D:\\Personal-Finance-Tracker-Backend\\src\\modules\\balance\\balance.controller.ts": {"path":"D:\\Personal-Finance-Tracker-Backend\\src\\modules\\balance\\balance.controller.ts","statementMap":{"0":{"start":{"line":2,"column":0},"end":{"line":2,"column":54}},"1":{"start":{"line":4,"column":26},"end":{"line":20,"column":1}},"2":{"start":{"line":9,"column":17},"end":{"line":9,"column":42}},"3":{"start":{"line":10,"column":2},"end":{"line":13,"column":3}},"4":{"start":{"line":11,"column":4},"end":{"line":11,"column":54}},"5":{"start":{"line":12,"column":4},"end":{"line":12,"column":11}},"6":{"start":{"line":14,"column":2},"end":{"line":19,"column":3}},"7":{"start":{"line":15,"column":20},"end":{"line":15,"column":51}},"8":{"start":{"line":16,"column":4},"end":{"line":16,"column":34}},"9":{"start":{"line":18,"column":4},"end":{"line":18,"column":14}},"10":{"start":{"line":4,"column":13},"end":{"line":4,"column":26}}},"fnMap":{"0":{"name":"(anonymous_0)","decl":{"start":{"line":4,"column":26},"end":{"line":4,"column":31}},"loc":{"start":{"line":8,"column":4},"end":{"line":20,"column":1}}}},"branchMap":{"0":{"loc":{"start":{"line":10,"column":2},"end":{"line":13,"column":3}},"type":"if","locations":[{"start":{"line":10,"column":2},"end":{"line":13,"column":3}},{"start":{},"end":{}}]}},"s":{"0":1,"1":1,"2":3,"3":3,"4":1,"5":1,"6":2,"7":2,"8":1,"9":1,"10":1},"f":{"0":3},"b":{"0":[1,2]}}
,"D:\\Personal-Finance-Tracker-Backend\\src\\modules\\balance\\balance.repository.ts": {"path":"D:\\Personal-Finance-Tracker-Backend\\src\\modules\\balance\\balance.repository.ts","statementMap":{"0":{"start":{"line":1,"column":0},"end":{"line":1,"column":54}},"1":{"start":{"line":2,"column":0},"end":{"line":2,"column":32}},"2":{"start":{"line":4,"column":30},"end":{"line":16,"column":1}},"3":{"start":{"line":5,"column":17},"end":{"line":14,"column":4}},"4":{"start":{"line":15,"column":2},"end":{"line":15,"column":57}},"5":{"start":{"line":4,"column":13},"end":{"line":4,"column":30}},"6":{"start":{"line":18,"column":31},"end":{"line":31,"column":1}},"7":{"start":{"line":19,"column":17},"end":{"line":28,"column":4}},"8":{"start":{"line":30,"column":2},"end":{"line":30,"column":57}},"9":{"start":{"line":18,"column":13},"end":{"line":18,"column":31}}},"fnMap":{"0":{"name":"(anonymous_1)","decl":{"start":{"line":4,"column":30},"end":{"line":4,"column":35}},"loc":{"start":{"line":4,"column":55},"end":{"line":16,"column":1}}},"1":{"name":"(anonymous_2)","decl":{"start":{"line":18,"column":31},"end":{"line":18,"column":36}},"loc":{"start":{"line":18,"column":56},"end":{"line":31,"column":1}}}},"branchMap":{"0":{"loc":{"start":{"line":15,"column":9},"end":{"line":15,"column":56}},"type":"cond-expr","locations":[{"start":{"line":15,"column":29},"end":{"line":15,"column":52}},{"start":{"line":15,"column":55},"end":{"line":15,"column":56}}]},"1":{"loc":{"start":{"line":30,"column":9},"end":{"line":30,"column":56}},"type":"cond-expr","locations":[{"start":{"line":30,"column":29},"end":{"line":30,"column":52}},{"start":{"line":30,"column":55},"end":{"line":30,"column":56}}]}},"s":{"0":3,"1":3,"2":3,"3":2,"4":0,"5":3,"6":3,"7":2,"8":0,"9":3},"f":{"0":2,"1":2},"b":{"0":[0,0],"1":[0,0]}}
,"D:\\Personal-Finance-Tracker-Backend\\src\\modules\\balance\\balance.service.ts": {"path":"D:\\Personal-Finance-Tracker-Backend\\src\\modules\\balance\\balance.service.ts","statementMap":{"0":{"start":{"line":1,"column":0},"end":{"line":1,"column":52}},"1":{"start":{"line":3,"column":33},"end":{"line":13,"column":1}},"2":{"start":{"line":4,"column":38},"end":{"line":7,"column":4}},"3":{"start":{"line":8,"column":2},"end":{"line":12,"column":4}},"4":{"start":{"line":3,"column":13},"end":{"line":3,"column":33}}},"fnMap":{"0":{"name":"(anonymous_9)","decl":{"start":{"line":3,"column":33},"end":{"line":3,"column":38}},"loc":{"start":{"line":3,"column":58},"end":{"line":13,"column":1}}}},"branchMap":{},"s":{"0":2,"1":2,"2":2,"3":1,"4":2},"f":{"0":2},"b":{}}
,"D:\\Personal-Finance-Tracker-Backend\\src\\modules\\budget\\budget.controller.ts": {"path":"D:\\Personal-Finance-Tracker-Backend\\src\\modules\\budget\\budget.controller.ts","statementMap":{"0":{"start":{"line":2,"column":0},"end":{"line":2,"column":44}},"1":{"start":{"line":3,"column":0},"end":{"line":3,"column":50}},"2":{"start":{"line":5,"column":26},"end":{"line":21,"column":1}},"3":{"start":{"line":10,"column":17},"end":{"line":10,"column":42}},"4":{"start":{"line":11,"column":2},"end":{"line":14,"column":3}},"5":{"start":{"line":12,"column":4},"end":{"line":12,"column":54}},"6":{"start":{"line":13,"column":4},"end":{"line":13,"column":11}},"7":{"start":{"line":15,"column":2},"end":{"line":20,"column":3}},"8":{"start":{"line":16,"column":20},"end":{"line":16,"column":55}},"9":{"start":{"line":17,"column":4},"end":{"line":17,"column":34}},"10":{"start":{"line":19,"column":4},"end":{"line":19,"column":14}},"11":{"start":{"line":5,"column":13},"end":{"line":5,"column":26}},"12":{"start":{"line":23,"column":28},"end":{"line":46,"column":1}},"13":{"start":{"line":28,"column":17},"end":{"line":28,"column":42}},"14":{"start":{"line":29,"column":2},"end":{"line":32,"column":3}},"15":{"start":{"line":30,"column":4},"end":{"line":30,"column":54}},"16":{"start":{"line":31,"column":4},"end":{"line":31,"column":11}},"17":{"start":{"line":33,"column":2},"end":{"line":45,"column":3}},"18":{"start":{"line":34,"column":19},"end":{"line":34,"column":51}},"19":{"start":{"line":35,"column":4},"end":{"line":40,"column":5}},"20":{"start":{"line":36,"column":6},"end":{"line":38,"column":77}},"21":{"start":{"line":39,"column":6},"end":{"line":39,"column":13}},"22":{"start":{"line":41,"column":19},"end":{"line":41,"column":72}},"23":{"start":{"line":42,"column":4},"end":{"line":42,"column":33}},"24":{"start":{"line":44,"column":4},"end":{"line":44,"column":14}},"25":{"start":{"line":23,"column":13},"end":{"line":23,"column":28}},"26":{"start":{"line":48,"column":28},"end":{"line":79,"column":1}},"27":{"start":{"line":53,"column":17},"end":{"line":53,"column":42}},"28":{"start":{"line":54,"column":2},"end":{"line":57,"column":3}},"29":{"start":{"line":55,"column":4},"end":{"line":55,"column":54}},"30":{"start":{"line":56,"column":4},"end":{"line":56,"column":11}},"31":{"start":{"line":58,"column":2},"end":{"line":78,"column":3}},"32":{"start":{"line":59,"column":19},"end":{"line":59,"column":61}},"33":{"start":{"line":60,"column":4},"end":{"line":65,"column":5}},"34":{"start":{"line":61,"column":6},"end":{"line":63,"column":77}},"35":{"start":{"line":64,"column":6},"end":{"line":64,"column":13}},"36":{"start":{"line":66,"column":20},"end":{"line":69,"column":null}},"37":{"start":{"line":71,"column":4},"end":{"line":74,"column":5}},"38":{"start":{"line":72,"column":6},"end":{"line":72,"column":61}},"39":{"start":{"line":73,"column":6},"end":{"line":73,"column":13}},"40":{"start":{"line":75,"column":4},"end":{"line":75,"column":34}},"41":{"start":{"line":77,"column":4},"end":{"line":77,"column":14}},"42":{"start":{"line":48,"column":13},"end":{"line":48,"column":28}},"43":{"start":{"line":81,"column":28},"end":{"line":100,"column":1}},"44":{"start":{"line":86,"column":17},"end":{"line":86,"column":42}},"45":{"start":{"line":87,"column":2},"end":{"line":90,"column":3}},"46":{"start":{"line":88,"column":4},"end":{"line":88,"column":54}},"47":{"start":{"line":89,"column":4},"end":{"line":89,"column":11}},"48":{"start":{"line":91,"column":2},"end":{"line":99,"column":3}},"49":{"start":{"line":92,"column":4},"end":{"line":95,"column":7}},"50":{"start":{"line":96,"column":4},"end":{"line":96,"column":49}},"51":{"start":{"line":98,"column":4},"end":{"line":98,"column":14}},"52":{"start":{"line":81,"column":13},"end":{"line":81,"column":28}}},"fnMap":{"0":{"name":"(anonymous_1)","decl":{"start":{"line":5,"column":26},"end":{"line":5,"column":31}},"loc":{"start":{"line":9,"column":4},"end":{"line":21,"column":1}}},"1":{"name":"(anonymous_2)","decl":{"start":{"line":23,"column":28},"end":{"line":23,"column":33}},"loc":{"start":{"line":27,"column":4},"end":{"line":46,"column":1}}},"2":{"name":"(anonymous_3)","decl":{"start":{"line":48,"column":28},"end":{"line":48,"column":33}},"loc":{"start":{"line":52,"column":4},"end":{"line":79,"column":1}}},"3":{"name":"(anonymous_4)","decl":{"start":{"line":81,"column":28},"end":{"line":81,"column":33}},"loc":{"start":{"line":85,"column":4},"end":{"line":100,"column":1}}}},"branchMap":{"0":{"loc":{"start":{"line":11,"column":2},"end":{"line":14,"column":3}},"type":"if","locations":[{"start":{"line":11,"column":2},"end":{"line":14,"column":3}},{"start":{},"end":{}}]},"1":{"loc":{"start":{"line":29,"column":2},"end":{"line":32,"column":3}},"type":"if","locations":[{"start":{"line":29,"column":2},"end":{"line":32,"column":3}},{"start":{},"end":{}}]},"2":{"loc":{"start":{"line":35,"column":4},"end":{"line":40,"column":5}},"type":"if","locations":[{"start":{"line":35,"column":4},"end":{"line":40,"column":5}},{"start":{},"end":{}}]},"3":{"loc":{"start":{"line":54,"column":2},"end":{"line":57,"column":3}},"type":"if","locations":[{"start":{"line":54,"column":2},"end":{"line":57,"column":3}},{"start":{},"end":{}}]},"4":{"loc":{"start":{"line":60,"column":4},"end":{"line":65,"column":5}},"type":"if","locations":[{"start":{"line":60,"column":4},"end":{"line":65,"column":5}},{"start":{},"end":{}}]},"5":{"loc":{"start":{"line":71,"column":4},"end":{"line":74,"column":5}},"type":"if","locations":[{"start":{"line":71,"column":4},"end":{"line":74,"column":5}},{"start":{},"end":{}}]},"6":{"loc":{"start":{"line":87,"column":2},"end":{"line":90,"column":3}},"type":"if","locations":[{"start":{"line":87,"column":2},"end":{"line":90,"column":3}},{"start":{},"end":{}}]}},"s":{"0":1,"1":1,"2":1,"3":3,"4":3,"5":1,"6":1,"7":2,"8":2,"9":1,"10":1,"11":1,"12":1,"13":4,"14":4,"15":1,"16":1,"17":3,"18":3,"19":3,"20":1,"21":1,"22":2,"23":1,"24":1,"25":1,"26":1,"27":5,"28":5,"29":1,"30":1,"31":4,"32":4,"33":4,"34":1,"35":1,"36":3,"37":2,"38":1,"39":1,"40":1,"41":1,"42":1,"43":1,"44":3,"45":3,"46":1,"47":1,"48":2,"49":2,"50":1,"51":1,"52":1},"f":{"0":3,"1":4,"2":5,"3":3},"b":{"0":[1,2],"1":[1,3],"2":[1,2],"3":[1,4],"4":[1,3],"5":[1,1],"6":[1,2]}}
,"D:\\Personal-Finance-Tracker-Backend\\src\\modules\\budget\\budget.management.controller.ts": {"path":"D:\\Personal-Finance-Tracker-Backend\\src\\modules\\budget\\budget.management.controller.ts","statementMap":{"0":{"start":{"line":5,"column":28},"end":{"line":19,"column":1}},"1":{"start":{"line":10,"column":17},"end":{"line":10,"column":42}},"2":{"start":{"line":11,"column":2},"end":{"line":11,"column":72}},"3":{"start":{"line":11,"column":15},"end":{"line":11,"column":72}},"4":{"start":{"line":12,"column":2},"end":{"line":18,"column":3}},"5":{"start":{"line":14,"column":19},"end":{"line":14,"column":61}},"6":{"start":{"line":15,"column":4},"end":{"line":15,"column":33}},"7":{"start":{"line":17,"column":4},"end":{"line":17,"column":14}},"8":{"start":{"line":5,"column":13},"end":{"line":5,"column":28}},"9":{"start":{"line":21,"column":28},"end":{"line":35,"column":1}},"10":{"start":{"line":26,"column":17},"end":{"line":26,"column":42}},"11":{"start":{"line":27,"column":2},"end":{"line":27,"column":72}},"12":{"start":{"line":27,"column":15},"end":{"line":27,"column":72}},"13":{"start":{"line":28,"column":2},"end":{"line":34,"column":3}},"14":{"start":{"line":30,"column":20},"end":{"line":30,"column":69}},"15":{"start":{"line":31,"column":4},"end":{"line":31,"column":34}},"16":{"start":{"line":33,"column":4},"end":{"line":33,"column":14}},"17":{"start":{"line":21,"column":13},"end":{"line":21,"column":28}},"18":{"start":{"line":37,"column":28},"end":{"line":52,"column":1}},"19":{"start":{"line":42,"column":17},"end":{"line":42,"column":42}},"20":{"start":{"line":43,"column":2},"end":{"line":43,"column":72}},"21":{"start":{"line":43,"column":15},"end":{"line":43,"column":72}},"22":{"start":{"line":44,"column":2},"end":{"line":51,"column":3}},"23":{"start":{"line":46,"column":20},"end":{"line":46,"column":24}},"24":{"start":{"line":47,"column":4},"end":{"line":47,"column":80}},"25":{"start":{"line":47,"column":18},"end":{"line":47,"column":80}},"26":{"start":{"line":48,"column":4},"end":{"line":48,"column":69}},"27":{"start":{"line":50,"column":4},"end":{"line":50,"column":14}},"28":{"start":{"line":37,"column":13},"end":{"line":37,"column":28}}},"fnMap":{"0":{"name":"(anonymous_0)","decl":{"start":{"line":5,"column":28},"end":{"line":5,"column":33}},"loc":{"start":{"line":9,"column":4},"end":{"line":19,"column":1}}},"1":{"name":"(anonymous_1)","decl":{"start":{"line":21,"column":28},"end":{"line":21,"column":33}},"loc":{"start":{"line":25,"column":4},"end":{"line":35,"column":1}}},"2":{"name":"(anonymous_2)","decl":{"start":{"line":37,"column":28},"end":{"line":37,"column":33}},"loc":{"start":{"line":41,"column":4},"end":{"line":52,"column":1}}}},"branchMap":{"0":{"loc":{"start":{"line":11,"column":2},"end":{"line":11,"column":72}},"type":"if","locations":[{"start":{"line":11,"column":2},"end":{"line":11,"column":72}},{"start":{},"end":{}}]},"1":{"loc":{"start":{"line":27,"column":2},"end":{"line":27,"column":72}},"type":"if","locations":[{"start":{"line":27,"column":2},"end":{"line":27,"column":72}},{"start":{},"end":{}}]},"2":{"loc":{"start":{"line":43,"column":2},"end":{"line":43,"column":72}},"type":"if","locations":[{"start":{"line":43,"column":2},"end":{"line":43,"column":72}},{"start":{},"end":{}}]},"3":{"loc":{"start":{"line":47,"column":4},"end":{"line":47,"column":80}},"type":"if","locations":[{"start":{"line":47,"column":4},"end":{"line":47,"column":80}},{"start":{},"end":{}}]}},"s":{"0":1,"1":3,"2":3,"3":1,"4":2,"5":2,"6":2,"7":1,"8":1,"9":1,"10":3,"11":3,"12":1,"13":2,"14":2,"15":2,"16":1,"17":1,"18":1,"19":3,"20":3,"21":1,"22":2,"23":2,"24":2,"25":0,"26":2,"27":1,"28":1},"f":{"0":3,"1":3,"2":3},"b":{"0":[1,2],"1":[1,2],"2":[1,2],"3":[0,2]}}
,"D:\\Personal-Finance-Tracker-Backend\\src\\modules\\budget\\budget.overview.controller.ts": {"path":"D:\\Personal-Finance-Tracker-Backend\\src\\modules\\budget\\budget.overview.controller.ts","statementMap":{"0":{"start":{"line":2,"column":0},"end":{"line":2,"column":44}},"1":{"start":{"line":3,"column":0},"end":{"line":3,"column":54}},"2":{"start":{"line":4,"column":0},"end":{"line":4,"column":48}},"3":{"start":{"line":5,"column":0},"end":{"line":5,"column":32}},"4":{"start":{"line":7,"column":33},"end":{"line":80,"column":1}},"5":{"start":{"line":12,"column":17},"end":{"line":12,"column":42}},"6":{"start":{"line":13,"column":2},"end":{"line":16,"column":3}},"7":{"start":{"line":14,"column":4},"end":{"line":14,"column":54}},"8":{"start":{"line":15,"column":4},"end":{"line":15,"column":11}},"9":{"start":{"line":18,"column":14},"end":{"line":18,"column":24}},"10":{"start":{"line":19,"column":21},"end":{"line":19,"column":67}},"11":{"start":{"line":20,"column":19},"end":{"line":27,"column":null}},"12":{"start":{"line":30,"column":2},"end":{"line":79,"column":3}},"13":{"start":{"line":32,"column":20},"end":{"line":32,"column":55}},"14":{"start":{"line":37,"column":28},"end":{"line":52,"column":6}},"15":{"start":{"line":55,"column":21},"end":{"line":60,"column":null}},"16":{"start":{"line":57,"column":8},"end":{"line":57,"column":53}},"17":{"start":{"line":58,"column":8},"end":{"line":58,"column":19}},"18":{"start":{"line":64,"column":21},"end":{"line":73,"column":null}},"19":{"start":{"line":67,"column":25},"end":{"line":67,"column":65}},"20":{"start":{"line":68,"column":8},"end":{"line":72,"column":10}},"21":{"start":{"line":76,"column":4},"end":{"line":76,"column":35}},"22":{"start":{"line":78,"column":4},"end":{"line":78,"column":14}},"23":{"start":{"line":7,"column":13},"end":{"line":7,"column":33}}},"fnMap":{"0":{"name":"(anonymous_1)","decl":{"start":{"line":7,"column":33},"end":{"line":7,"column":38}},"loc":{"start":{"line":11,"column":4},"end":{"line":80,"column":1}}},"1":{"name":"(anonymous_2)","decl":{"start":{"line":56,"column":6},"end":{"line":56,"column":7}},"loc":{"start":{"line":56,"column":20},"end":{"line":59,"column":7}}},"2":{"name":"(anonymous_3)","decl":{"start":{"line":65,"column":18},"end":{"line":65,"column":23}},"loc":{"start":{"line":65,"column":35},"end":{"line":73,"column":7}}}},"branchMap":{"0":{"loc":{"start":{"line":13,"column":2},"end":{"line":16,"column":3}},"type":"if","locations":[{"start":{"line":13,"column":2},"end":{"line":16,"column":3}},{"start":{},"end":{}}]},"1":{"loc":{"start":{"line":57,"column":12},"end":{"line":57,"column":38}},"type":"binary-expr","locations":[{"start":{"line":57,"column":12},"end":{"line":57,"column":32}},{"start":{"line":57,"column":36},"end":{"line":57,"column":38}}]},"2":{"loc":{"start":{"line":69,"column":20},"end":{"line":69,"column":47}},"type":"binary-expr","locations":[{"start":{"line":69,"column":20},"end":{"line":69,"column":34}},{"start":{"line":69,"column":38},"end":{"line":69,"column":47}}]},"3":{"loc":{"start":{"line":70,"column":24},"end":{"line":70,"column":65}},"type":"binary-expr","locations":[{"start":{"line":70,"column":24},"end":{"line":70,"column":60}},{"start":{"line":70,"column":64},"end":{"line":70,"column":65}}]}},"s":{"0":1,"1":1,"2":1,"3":1,"4":1,"5":3,"6":3,"7":1,"8":1,"9":2,"10":2,"11":2,"12":2,"13":2,"14":1,"15":0,"16":0,"17":0,"18":0,"19":0,"20":0,"21":0,"22":2,"23":1},"f":{"0":3,"1":0,"2":0},"b":{"0":[1,2],"1":[0,0],"2":[0,0],"3":[0,0]}}
,"D:\\Personal-Finance-Tracker-Backend\\src\\modules\\budget\\budget.repository.ts": {"path":"D:\\Personal-Finance-Tracker-Backend\\src\\modules\\budget\\budget.repository.ts","statementMap":{"0":{"start":{"line":2,"column":0},"end":{"line":2,"column":44}},"1":{"start":{"line":5,"column":33},"end":{"line":7,"column":1}},"2":{"start":{"line":6,"column":2},"end":{"line":6,"column":39}},"3":{"start":{"line":5,"column":13},"end":{"line":5,"column":33}},"4":{"start":{"line":9,"column":28},"end":{"line":11,"column":1}},"5":{"start":{"line":10,"column":2},"end":{"line":10,"column":31}},"6":{"start":{"line":9,"column":13},"end":{"line":9,"column":28}},"7":{"start":{"line":13,"column":28},"end":{"line":21,"column":1}},"8":{"start":{"line":18,"column":2},"end":{"line":20,"column":5}},"9":{"start":{"line":13,"column":13},"end":{"line":13,"column":28}},"10":{"start":{"line":23,"column":28},"end":{"line":25,"column":1}},"11":{"start":{"line":24,"column":2},"end":{"line":24,"column":60}},"12":{"start":{"line":23,"column":13},"end":{"line":23,"column":28}}},"fnMap":{"0":{"name":"(anonymous_1)","decl":{"start":{"line":5,"column":33},"end":{"line":5,"column":38}},"loc":{"start":{"line":5,"column":58},"end":{"line":7,"column":1}}},"1":{"name":"(anonymous_2)","decl":{"start":{"line":9,"column":28},"end":{"line":9,"column":33}},"loc":{"start":{"line":9,"column":54},"end":{"line":11,"column":1}}},"2":{"name":"(anonymous_3)","decl":{"start":{"line":13,"column":28},"end":{"line":13,"column":33}},"loc":{"start":{"line":17,"column":4},"end":{"line":21,"column":1}}},"3":{"name":"(anonymous_4)","decl":{"start":{"line":23,"column":28},"end":{"line":23,"column":33}},"loc":{"start":{"line":23,"column":65},"end":{"line":25,"column":1}}}},"branchMap":{},"s":{"0":1,"1":1,"2":1,"3":1,"4":1,"5":1,"6":1,"7":1,"8":1,"9":1,"10":1,"11":1,"12":1},"f":{"0":1,"1":1,"2":1,"3":1},"b":{}}
,"D:\\Personal-Finance-Tracker-Backend\\src\\modules\\budget\\budget.validator.ts": {"path":"D:\\Personal-Finance-Tracker-Backend\\src\\modules\\budget\\budget.validator.ts","statementMap":{"0":{"start":{"line":1,"column":0},"end":{"line":1,"column":24}},"1":{"start":{"line":3,"column":13},"end":{"line":9,"column":3}}},"fnMap":{},"branchMap":{},"s":{"0":1,"1":1},"f":{},"b":{}}
,"D:\\Personal-Finance-Tracker-Backend\\src\\modules\\category\\category.controller.ts": {"path":"D:\\Personal-Finance-Tracker-Backend\\src\\modules\\category\\category.controller.ts","statementMap":{"0":{"start":{"line":2,"column":0},"end":{"line":2,"column":48}},"1":{"start":{"line":4,"column":29},"end":{"line":15,"column":1}},"2":{"start":{"line":9,"column":2},"end":{"line":14,"column":3}},"3":{"start":{"line":10,"column":23},"end":{"line":10,"column":44}},"4":{"start":{"line":11,"column":4},"end":{"line":11,"column":37}},"5":{"start":{"line":13,"column":4},"end":{"line":13,"column":14}},"6":{"start":{"line":4,"column":13},"end":{"line":4,"column":29}}},"fnMap":{"0":{"name":"(anonymous_1)","decl":{"start":{"line":4,"column":29},"end":{"line":4,"column":34}},"loc":{"start":{"line":8,"column":4},"end":{"line":15,"column":1}}}},"branchMap":{},"s":{"0":1,"1":1,"2":2,"3":2,"4":1,"5":1,"6":1},"f":{"0":2},"b":{}}
,"D:\\Personal-Finance-Tracker-Backend\\src\\modules\\expense\\expense.controller.ts": {"path":"D:\\Personal-Finance-Tracker-Backend\\src\\modules\\expense\\expense.controller.ts","statementMap":{"0":{"start":{"line":4,"column":0},"end":{"line":4,"column":57}},"1":{"start":{"line":6,"column":34},"end":{"line":30,"column":1}},"2":{"start":{"line":11,"column":2},"end":{"line":29,"column":3}},"3":{"start":{"line":12,"column":19},"end":{"line":12,"column":44}},"4":{"start":{"line":13,"column":4},"end":{"line":16,"column":5}},"5":{"start":{"line":14,"column":6},"end":{"line":14,"column":56}},"6":{"start":{"line":15,"column":6},"end":{"line":15,"column":13}},"7":{"start":{"line":17,"column":22},"end":{"line":17,"column":31}},"8":{"start":{"line":18,"column":4},"end":{"line":23,"column":5}},"9":{"start":{"line":19,"column":6},"end":{"line":21,"column":76}},"10":{"start":{"line":22,"column":6},"end":{"line":22,"column":13}},"11":{"start":{"line":25,"column":6},"end":{"line":25,"column":70}},"12":{"start":{"line":26,"column":4},"end":{"line":26,"column":22}},"13":{"start":{"line":28,"column":4},"end":{"line":28,"column":16}},"14":{"start":{"line":6,"column":13},"end":{"line":6,"column":34}},"15":{"start":{"line":32,"column":0},"end":{"line":32,"column":51}},"16":{"start":{"line":35,"column":29},"end":{"line":53,"column":1}},"17":{"start":{"line":40,"column":17},"end":{"line":40,"column":42}},"18":{"start":{"line":41,"column":2},"end":{"line":44,"column":3}},"19":{"start":{"line":42,"column":4},"end":{"line":42,"column":54}},"20":{"start":{"line":43,"column":4},"end":{"line":43,"column":11}},"21":{"start":{"line":46,"column":2},"end":{"line":52,"column":3}},"22":{"start":{"line":47,"column":31},"end":{"line":47,"column":39}},"23":{"start":{"line":48,"column":19},"end":{"line":48,"column":67}},"24":{"start":{"line":49,"column":4},"end":{"line":49,"column":33}},"25":{"start":{"line":51,"column":4},"end":{"line":51,"column":16}},"26":{"start":{"line":35,"column":13},"end":{"line":35,"column":29}},"27":{"start":{"line":55,"column":30},"end":{"line":71,"column":1}},"28":{"start":{"line":60,"column":17},"end":{"line":60,"column":42}},"29":{"start":{"line":61,"column":2},"end":{"line":64,"column":3}},"30":{"start":{"line":62,"column":4},"end":{"line":62,"column":54}},"31":{"start":{"line":63,"column":4},"end":{"line":63,"column":11}},"32":{"start":{"line":65,"column":2},"end":{"line":70,"column":3}},"33":{"start":{"line":66,"column":19},"end":{"line":66,"column":62}},"34":{"start":{"line":67,"column":4},"end":{"line":67,"column":21}},"35":{"start":{"line":69,"column":4},"end":{"line":69,"column":16}},"36":{"start":{"line":55,"column":13},"end":{"line":55,"column":30}},"37":{"start":{"line":73,"column":29},"end":{"line":93,"column":1}},"38":{"start":{"line":78,"column":17},"end":{"line":78,"column":42}},"39":{"start":{"line":79,"column":2},"end":{"line":82,"column":3}},"40":{"start":{"line":80,"column":4},"end":{"line":80,"column":54}},"41":{"start":{"line":81,"column":4},"end":{"line":81,"column":11}},"42":{"start":{"line":83,"column":2},"end":{"line":92,"column":3}},"43":{"start":{"line":84,"column":19},"end":{"line":87,"column":null}},"44":{"start":{"line":89,"column":4},"end":{"line":89,"column":21}},"45":{"start":{"line":91,"column":4},"end":{"line":91,"column":16}},"46":{"start":{"line":73,"column":13},"end":{"line":73,"column":29}},"47":{"start":{"line":95,"column":29},"end":{"line":111,"column":1}},"48":{"start":{"line":100,"column":17},"end":{"line":100,"column":42}},"49":{"start":{"line":101,"column":2},"end":{"line":104,"column":3}},"50":{"start":{"line":102,"column":4},"end":{"line":102,"column":54}},"51":{"start":{"line":103,"column":4},"end":{"line":103,"column":11}},"52":{"start":{"line":105,"column":2},"end":{"line":110,"column":3}},"53":{"start":{"line":106,"column":4},"end":{"line":106,"column":62}},"54":{"start":{"line":107,"column":4},"end":{"line":107,"column":49}},"55":{"start":{"line":109,"column":4},"end":{"line":109,"column":16}},"56":{"start":{"line":95,"column":13},"end":{"line":95,"column":29}},"57":{"start":{"line":113,"column":36},"end":{"line":141,"column":1}},"58":{"start":{"line":118,"column":2},"end":{"line":140,"column":3}},"59":{"start":{"line":119,"column":19},"end":{"line":119,"column":44}},"60":{"start":{"line":120,"column":4},"end":{"line":125,"column":5}},"61":{"start":{"line":122,"column":8},"end":{"line":122,"column":58}},"62":{"start":{"line":123,"column":8},"end":{"line":123,"column":15}},"63":{"start":{"line":127,"column":17},"end":{"line":127,"column":56}},"64":{"start":{"line":128,"column":18},"end":{"line":128,"column":58}},"65":{"start":{"line":130,"column":19},"end":{"line":133,"column":null}},"66":{"start":{"line":136,"column":4},"end":{"line":136,"column":33}},"67":{"start":{"line":138,"column":4},"end":{"line":138,"column":68}},"68":{"start":{"line":139,"column":4},"end":{"line":139,"column":14}},"69":{"start":{"line":113,"column":13},"end":{"line":113,"column":36}},"70":{"start":{"line":143,"column":31},"end":{"line":159,"column":1}},"71":{"start":{"line":148,"column":17},"end":{"line":148,"column":42}},"72":{"start":{"line":149,"column":2},"end":{"line":152,"column":3}},"73":{"start":{"line":150,"column":4},"end":{"line":150,"column":54}},"74":{"start":{"line":151,"column":4},"end":{"line":151,"column":11}},"75":{"start":{"line":153,"column":2},"end":{"line":158,"column":3}},"76":{"start":{"line":154,"column":18},"end":{"line":154,"column":67}},"77":{"start":{"line":155,"column":4},"end":{"line":155,"column":20}},"78":{"start":{"line":157,"column":4},"end":{"line":157,"column":16}},"79":{"start":{"line":143,"column":13},"end":{"line":143,"column":31}}},"fnMap":{"0":{"name":"(anonymous_0)","decl":{"start":{"line":6,"column":34},"end":{"line":6,"column":39}},"loc":{"start":{"line":10,"column":4},"end":{"line":30,"column":1}}},"1":{"name":"(anonymous_1)","decl":{"start":{"line":35,"column":29},"end":{"line":35,"column":34}},"loc":{"start":{"line":39,"column":4},"end":{"line":53,"column":1}}},"2":{"name":"(anonymous_2)","decl":{"start":{"line":55,"column":30},"end":{"line":55,"column":35}},"loc":{"start":{"line":59,"column":4},"end":{"line":71,"column":1}}},"3":{"name":"(anonymous_3)","decl":{"start":{"line":73,"column":29},"end":{"line":73,"column":34}},"loc":{"start":{"line":77,"column":4},"end":{"line":93,"column":1}}},"4":{"name":"(anonymous_4)","decl":{"start":{"line":95,"column":29},"end":{"line":95,"column":34}},"loc":{"start":{"line":99,"column":4},"end":{"line":111,"column":1}}},"5":{"name":"(anonymous_5)","decl":{"start":{"line":113,"column":36},"end":{"line":113,"column":41}},"loc":{"start":{"line":117,"column":4},"end":{"line":141,"column":1}}},"6":{"name":"(anonymous_6)","decl":{"start":{"line":143,"column":31},"end":{"line":143,"column":36}},"loc":{"start":{"line":147,"column":4},"end":{"line":159,"column":1}}}},"branchMap":{"0":{"loc":{"start":{"line":13,"column":4},"end":{"line":16,"column":5}},"type":"if","locations":[{"start":{"line":13,"column":4},"end":{"line":16,"column":5}},{"start":{},"end":{}}]},"1":{"loc":{"start":{"line":18,"column":4},"end":{"line":23,"column":5}},"type":"if","locations":[{"start":{"line":18,"column":4},"end":{"line":23,"column":5}},{"start":{},"end":{}}]},"2":{"loc":{"start":{"line":18,"column":8},"end":{"line":18,"column":43}},"type":"binary-expr","locations":[{"start":{"line":18,"column":8},"end":{"line":18,"column":14}},{"start":{"line":18,"column":18},"end":{"line":18,"column":43}}]},"3":{"loc":{"start":{"line":41,"column":2},"end":{"line":44,"column":3}},"type":"if","locations":[{"start":{"line":41,"column":2},"end":{"line":44,"column":3}},{"start":{},"end":{}}]},"4":{"loc":{"start":{"line":61,"column":2},"end":{"line":64,"column":3}},"type":"if","locations":[{"start":{"line":61,"column":2},"end":{"line":64,"column":3}},{"start":{},"end":{}}]},"5":{"loc":{"start":{"line":79,"column":2},"end":{"line":82,"column":3}},"type":"if","locations":[{"start":{"line":79,"column":2},"end":{"line":82,"column":3}},{"start":{},"end":{}}]},"6":{"loc":{"start":{"line":101,"column":2},"end":{"line":104,"column":3}},"type":"if","locations":[{"start":{"line":101,"column":2},"end":{"line":104,"column":3}},{"start":{},"end":{}}]},"7":{"loc":{"start":{"line":120,"column":4},"end":{"line":125,"column":5}},"type":"if","locations":[{"start":{"line":120,"column":4},"end":{"line":125,"column":5}},{"start":{},"end":{}}]},"8":{"loc":{"start":{"line":127,"column":17},"end":{"line":127,"column":56}},"type":"binary-expr","locations":[{"start":{"line":127,"column":17},"end":{"line":127,"column":51}},{"start":{"line":127,"column":55},"end":{"line":127,"column":56}}]},"9":{"loc":{"start":{"line":128,"column":18},"end":{"line":128,"column":58}},"type":"binary-expr","locations":[{"start":{"line":128,"column":18},"end":{"line":128,"column":53}},{"start":{"line":128,"column":57},"end":{"line":128,"column":58}}]},"10":{"loc":{"start":{"line":149,"column":2},"end":{"line":152,"column":3}},"type":"if","locations":[{"start":{"line":149,"column":2},"end":{"line":152,"column":3}},{"start":{},"end":{}}]}},"s":{"0":1,"1":1,"2":4,"3":4,"4":4,"5":1,"6":1,"7":3,"8":3,"9":1,"10":1,"11":2,"12":1,"13":1,"14":1,"15":1,"16":1,"17":3,"18":3,"19":1,"20":1,"21":2,"22":2,"23":2,"24":1,"25":1,"26":1,"27":1,"28":3,"29":3,"30":1,"31":1,"32":2,"33":2,"34":1,"35":1,"36":1,"37":1,"38":3,"39":3,"40":1,"41":1,"42":2,"43":2,"44":1,"45":1,"46":1,"47":1,"48":3,"49":3,"50":1,"51":1,"52":2,"53":2,"54":1,"55":1,"56":1,"57":1,"58":3,"59":3,"60":3,"61":1,"62":1,"63":2,"64":2,"65":2,"66":1,"67":1,"68":1,"69":1,"70":1,"71":3,"72":3,"73":1,"74":1,"75":2,"76":2,"77":1,"78":1,"79":1},"f":{"0":4,"1":3,"2":3,"3":3,"4":3,"5":3,"6":3},"b":{"0":[1,3],"1":[1,2],"2":[3,2],"3":[1,2],"4":[1,2],"5":[1,2],"6":[1,2],"7":[1,2],"8":[2,0],"9":[2,0],"10":[1,2]}}
,"D:\\Personal-Finance-Tracker-Backend\\src\\modules\\expense\\expense.repository.ts": {"path":"D:\\Personal-Finance-Tracker-Backend\\src\\modules\\expense\\expense.repository.ts","statementMap":{"0":{"start":{"line":1,"column":0},"end":{"line":1,"column":33}},"1":{"start":{"line":2,"column":0},"end":{"line":2,"column":54}},"2":{"start":{"line":5,"column":13},"end":{"line":178,"column":2}},"3":{"start":{"line":10,"column":4},"end":{"line":12,"column":5}},"4":{"start":{"line":11,"column":6},"end":{"line":11,"column":60}},"5":{"start":{"line":13,"column":18},"end":{"line":13,"column":55}},"6":{"start":{"line":14,"column":16},"end":{"line":14,"column":31}},"7":{"start":{"line":15,"column":4},"end":{"line":15,"column":37}},"8":{"start":{"line":16,"column":20},"end":{"line":57,"column":6}},"9":{"start":{"line":59,"column":4},"end":{"line":67,"column":8}},"10":{"start":{"line":59,"column":34},"end":{"line":67,"column":6}},"11":{"start":{"line":70,"column":4},"end":{"line":76,"column":7}},"12":{"start":{"line":80,"column":4},"end":{"line":84,"column":26}},"13":{"start":{"line":88,"column":4},"end":{"line":88,"column":79}},"14":{"start":{"line":96,"column":8},"end":{"line":96,"column":19}},"15":{"start":{"line":98,"column":4},"end":{"line":104,"column":5}},"16":{"start":{"line":99,"column":6},"end":{"line":99,"column":51}},"17":{"start":{"line":100,"column":6},"end":{"line":100,"column":51}},"18":{"start":{"line":101,"column":11},"end":{"line":104,"column":5}},"19":{"start":{"line":102,"column":6},"end":{"line":102,"column":61}},"20":{"start":{"line":103,"column":6},"end":{"line":103,"column":45}},"21":{"start":{"line":106,"column":4},"end":{"line":106,"column":32}},"22":{"start":{"line":108,"column":4},"end":{"line":108,"column":72}},"23":{"start":{"line":111,"column":4},"end":{"line":115,"column":6}},"24":{"start":{"line":118,"column":4},"end":{"line":125,"column":20}},"25":{"start":{"line":130,"column":4},"end":{"line":134,"column":7}},"26":{"start":{"line":139,"column":19},"end":{"line":153,"column":6}},"27":{"start":{"line":154,"column":4},"end":{"line":154,"column":53}},"28":{"start":{"line":156,"column":4},"end":{"line":156,"column":44}},"29":{"start":{"line":164,"column":4},"end":{"line":168,"column":6}},"30":{"start":{"line":172,"column":4},"end":{"line":176,"column":6}}},"fnMap":{"0":{"name":"(anonymous_1)","decl":{"start":{"line":6,"column":29},"end":{"line":6,"column":34}},"loc":{"start":{"line":9,"column":41},"end":{"line":68,"column":3}}},"1":{"name":"(anonymous_2)","decl":{"start":{"line":59,"column":23},"end":{"line":59,"column":24}},"loc":{"start":{"line":59,"column":34},"end":{"line":67,"column":6}}},"2":{"name":"(anonymous_3)","decl":{"start":{"line":69,"column":10},"end":{"line":69,"column":15}},"loc":{"start":{"line":69,"column":58},"end":{"line":77,"column":3}}},"3":{"name":"(anonymous_4)","decl":{"start":{"line":79,"column":17},"end":{"line":79,"column":22}},"loc":{"start":{"line":79,"column":42},"end":{"line":85,"column":3}}},"4":{"name":"(anonymous_5)","decl":{"start":{"line":87,"column":12},"end":{"line":87,"column":17}},"loc":{"start":{"line":87,"column":33},"end":{"line":89,"column":3}}},"5":{"name":"(anonymous_6)","decl":{"start":{"line":91,"column":10},"end":{"line":91,"column":15}},"loc":{"start":{"line":91,"column":60},"end":{"line":109,"column":3}}},"6":{"name":"(anonymous_7)","decl":{"start":{"line":110,"column":14},"end":{"line":110,"column":19}},"loc":{"start":{"line":110,"column":35},"end":{"line":116,"column":3}}},"7":{"name":"(anonymous_8)","decl":{"start":{"line":117,"column":23},"end":{"line":117,"column":28}},"loc":{"start":{"line":117,"column":77},"end":{"line":126,"column":3}}},"8":{"name":"(anonymous_9)","decl":{"start":{"line":129,"column":15},"end":{"line":129,"column":20}},"loc":{"start":{"line":129,"column":40},"end":{"line":135,"column":3}}},"9":{"name":"(anonymous_10)","decl":{"start":{"line":138,"column":24},"end":{"line":138,"column":29}},"loc":{"start":{"line":138,"column":49},"end":{"line":157,"column":3}}},"10":{"name":"(anonymous_11)","decl":{"start":{"line":159,"column":16},"end":{"line":159,"column":21}},"loc":{"start":{"line":163,"column":6},"end":{"line":169,"column":3}}},"11":{"name":"(anonymous_12)","decl":{"start":{"line":171,"column":20},"end":{"line":171,"column":25}},"loc":{"start":{"line":171,"column":57},"end":{"line":177,"column":3}}}},"branchMap":{"0":{"loc":{"start":{"line":10,"column":4},"end":{"line":12,"column":5}},"type":"if","locations":[{"start":{"line":10,"column":4},"end":{"line":12,"column":5}},{"start":{},"end":{}}]},"1":{"loc":{"start":{"line":60,"column":16},"end":{"line":60,"column":48}},"type":"binary-expr","locations":[{"start":{"line":60,"column":16},"end":{"line":60,"column":29}},{"start":{"line":60,"column":33},"end":{"line":60,"column":48}}]},"2":{"loc":{"start":{"line":62,"column":8},"end":{"line":66,"column":23}},"type":"cond-expr","locations":[{"start":{"line":65,"column":12},"end":{"line":65,"column":46}},{"start":{"line":66,"column":12},"end":{"line":66,"column":23}}]},"3":{"loc":{"start":{"line":62,"column":8},"end":{"line":64,"column":28}},"type":"binary-expr","locations":[{"start":{"line":62,"column":8},"end":{"line":62,"column":39}},{"start":{"line":63,"column":8},"end":{"line":63,"column":28}},{"start":{"line":64,"column":8},"end":{"line":64,"column":28}}]},"4":{"loc":{"start":{"line":98,"column":4},"end":{"line":104,"column":5}},"type":"if","locations":[{"start":{"line":98,"column":4},"end":{"line":104,"column":5}},{"start":{"line":101,"column":11},"end":{"line":104,"column":5}}]},"5":{"loc":{"start":{"line":101,"column":11},"end":{"line":104,"column":5}},"type":"if","locations":[{"start":{"line":101,"column":11},"end":{"line":104,"column":5}},{"start":{},"end":{}}]},"6":{"loc":{"start":{"line":156,"column":20},"end":{"line":156,"column":41}},"type":"binary-expr","locations":[{"start":{"line":156,"column":20},"end":{"line":156,"column":36}},{"start":{"line":156,"column":40},"end":{"line":156,"column":41}}]}},"s":{"0":2,"1":2,"2":2,"3":0,"4":0,"5":0,"6":0,"7":0,"8":0,"9":0,"10":0,"11":0,"12":0,"13":0,"14":0,"15":0,"16":0,"17":0,"18":0,"19":0,"20":0,"21":0,"22":0,"23":0,"24":0,"25":0,"26":0,"27":0,"28":0,"29":0,"30":0},"f":{"0":0,"1":0,"2":0,"3":0,"4":0,"5":0,"6":0,"7":0,"8":0,"9":0,"10":0,"11":0},"b":{"0":[0,0],"1":[0,0],"2":[0,0],"3":[0,0,0],"4":[0,0],"5":[0,0],"6":[0,0]}}
,"D:\\Personal-Finance-Tracker-Backend\\src\\modules\\expense\\expense.service.ts": {"path":"D:\\Personal-Finance-Tracker-Backend\\src\\modules\\expense\\expense.service.ts","statementMap":{"0":{"start":{"line":2,"column":0},"end":{"line":2,"column":57}},"1":{"start":{"line":3,"column":0},"end":{"line":3,"column":54}},"2":{"start":{"line":4,"column":0},"end":{"line":4,"column":33}},"3":{"start":{"line":5,"column":0},"end":{"line":5,"column":54}},"4":{"start":{"line":9,"column":14},"end":{"line":9,"column":32}},"5":{"start":{"line":10,"column":2},"end":{"line":13,"column":4}},"6":{"start":{"line":16,"column":13},"end":{"line":81,"column":2}},"7":{"start":{"line":18,"column":20},"end":{"line":18,"column":77}},"8":{"start":{"line":19,"column":4},"end":{"line":19,"column":36}},"9":{"start":{"line":23,"column":21},"end":{"line":23,"column":66}},"10":{"start":{"line":24,"column":4},"end":{"line":24,"column":41}},"11":{"start":{"line":32,"column":20},"end":{"line":32,"column":74}},"12":{"start":{"line":33,"column":4},"end":{"line":33,"column":63}},"13":{"start":{"line":33,"column":18},"end":{"line":33,"column":63}},"14":{"start":{"line":34,"column":4},"end":{"line":34,"column":36}},"15":{"start":{"line":38,"column":20},"end":{"line":38,"column":72}},"16":{"start":{"line":39,"column":4},"end":{"line":39,"column":63}},"17":{"start":{"line":39,"column":18},"end":{"line":39,"column":63}},"18":{"start":{"line":40,"column":4},"end":{"line":40,"column":19}},"19":{"start":{"line":43,"column":17},"end":{"line":43,"column":35}},"20":{"start":{"line":45,"column":26},"end":{"line":48,"column":6}},"21":{"start":{"line":50,"column":4},"end":{"line":55,"column":6}},"22":{"start":{"line":59,"column":19},"end":{"line":73,"column":6}},"23":{"start":{"line":76,"column":21},"end":{"line":76,"column":37}},"24":{"start":{"line":77,"column":18},"end":{"line":77,"column":64}},"25":{"start":{"line":79,"column":4},"end":{"line":79,"column":21}}},"fnMap":{"0":{"name":"normalizeAmount","decl":{"start":{"line":8,"column":9},"end":{"line":8,"column":24}},"loc":{"start":{"line":8,"column":37},"end":{"line":14,"column":1}}},"1":{"name":"(anonymous_2)","decl":{"start":{"line":17,"column":17},"end":{"line":17,"column":22}},"loc":{"start":{"line":17,"column":62},"end":{"line":20,"column":3}}},"2":{"name":"(anonymous_3)","decl":{"start":{"line":22,"column":18},"end":{"line":22,"column":23}},"loc":{"start":{"line":22,"column":43},"end":{"line":25,"column":3}}},"3":{"name":"(anonymous_4)","decl":{"start":{"line":27,"column":17},"end":{"line":27,"column":22}},"loc":{"start":{"line":31,"column":6},"end":{"line":35,"column":3}}},"4":{"name":"(anonymous_5)","decl":{"start":{"line":37,"column":17},"end":{"line":37,"column":22}},"loc":{"start":{"line":37,"column":54},"end":{"line":41,"column":3}}},"5":{"name":"(anonymous_6)","decl":{"start":{"line":42,"column":24},"end":{"line":42,"column":29}},"loc":{"start":{"line":42,"column":78},"end":{"line":56,"column":3}}},"6":{"name":"(anonymous_7)","decl":{"start":{"line":58,"column":24},"end":{"line":58,"column":29}},"loc":{"start":{"line":58,"column":49},"end":{"line":80,"column":3}}}},"branchMap":{"0":{"loc":{"start":{"line":33,"column":4},"end":{"line":33,"column":63}},"type":"if","locations":[{"start":{"line":33,"column":4},"end":{"line":33,"column":63}},{"start":{},"end":{}}]},"1":{"loc":{"start":{"line":39,"column":4},"end":{"line":39,"column":63}},"type":"if","locations":[{"start":{"line":39,"column":4},"end":{"line":39,"column":63}},{"start":{},"end":{}}]},"2":{"loc":{"start":{"line":77,"column":18},"end":{"line":77,"column":64}},"type":"cond-expr","locations":[{"start":{"line":77,"column":29},"end":{"line":77,"column":60}},{"start":{"line":77,"column":63},"end":{"line":77,"column":64}}]}},"s":{"0":2,"1":2,"2":2,"3":2,"4":5,"5":5,"6":2,"7":1,"8":1,"9":1,"10":1,"11":2,"12":2,"13":1,"14":1,"15":2,"16":2,"17":1,"18":1,"19":1,"20":1,"21":1,"22":2,"23":0,"24":0,"25":0},"f":{"0":5,"1":1,"2":1,"3":2,"4":2,"5":1,"6":2},"b":{"0":[1,1],"1":[1,1],"2":[0,0]}}
,"D:\\Personal-Finance-Tracker-Backend\\src\\modules\\income\\income.controller.ts": {"path":"D:\\Personal-Finance-Tracker-Backend\\src\\modules\\income\\income.controller.ts","statementMap":{"0":{"start":{"line":2,"column":0},"end":{"line":2,"column":49}},"1":{"start":{"line":3,"column":0},"end":{"line":3,"column":54}},"2":{"start":{"line":4,"column":0},"end":{"line":4,"column":32}},"3":{"start":{"line":6,"column":29},"end":{"line":23,"column":1}},"4":{"start":{"line":11,"column":17},"end":{"line":11,"column":42}},"5":{"start":{"line":12,"column":2},"end":{"line":15,"column":3}},"6":{"start":{"line":13,"column":4},"end":{"line":13,"column":54}},"7":{"start":{"line":14,"column":4},"end":{"line":14,"column":11}},"8":{"start":{"line":17,"column":2},"end":{"line":22,"column":3}},"9":{"start":{"line":18,"column":20},"end":{"line":18,"column":58}},"10":{"start":{"line":19,"column":4},"end":{"line":19,"column":34}},"11":{"start":{"line":21,"column":4},"end":{"line":21,"column":14}},"12":{"start":{"line":6,"column":13},"end":{"line":6,"column":29}},"13":{"start":{"line":24,"column":35},"end":{"line":45,"column":1}},"14":{"start":{"line":29,"column":17},"end":{"line":29,"column":42}},"15":{"start":{"line":30,"column":2},"end":{"line":33,"column":3}},"16":{"start":{"line":31,"column":4},"end":{"line":31,"column":54}},"17":{"start":{"line":32,"column":4},"end":{"line":32,"column":11}},"18":{"start":{"line":35,"column":15},"end":{"line":35,"column":54}},"19":{"start":{"line":36,"column":16},"end":{"line":36,"column":56}},"20":{"start":{"line":38,"column":2},"end":{"line":44,"column":3}},"21":{"start":{"line":39,"column":19},"end":{"line":39,"column":79}},"22":{"start":{"line":41,"column":4},"end":{"line":41,"column":33}},"23":{"start":{"line":43,"column":4},"end":{"line":43,"column":14}},"24":{"start":{"line":24,"column":13},"end":{"line":24,"column":35}},"25":{"start":{"line":47,"column":28},"end":{"line":67,"column":1}},"26":{"start":{"line":52,"column":17},"end":{"line":52,"column":42}},"27":{"start":{"line":53,"column":2},"end":{"line":56,"column":3}},"28":{"start":{"line":54,"column":4},"end":{"line":54,"column":54}},"29":{"start":{"line":55,"column":4},"end":{"line":55,"column":11}},"30":{"start":{"line":58,"column":2},"end":{"line":66,"column":3}},"31":{"start":{"line":59,"column":19},"end":{"line":62,"column":6}},"32":{"start":{"line":63,"column":4},"end":{"line":63,"column":33}},"33":{"start":{"line":65,"column":4},"end":{"line":65,"column":14}},"34":{"start":{"line":47,"column":13},"end":{"line":47,"column":28}},"35":{"start":{"line":69,"column":28},"end":{"line":94,"column":1}},"36":{"start":{"line":74,"column":17},"end":{"line":74,"column":42}},"37":{"start":{"line":75,"column":2},"end":{"line":78,"column":3}},"38":{"start":{"line":76,"column":4},"end":{"line":76,"column":54}},"39":{"start":{"line":77,"column":4},"end":{"line":77,"column":11}},"40":{"start":{"line":80,"column":2},"end":{"line":93,"column":3}},"41":{"start":{"line":81,"column":20},"end":{"line":84,"column":null}},"42":{"start":{"line":86,"column":4},"end":{"line":89,"column":5}},"43":{"start":{"line":87,"column":6},"end":{"line":87,"column":61}},"44":{"start":{"line":88,"column":6},"end":{"line":88,"column":13}},"45":{"start":{"line":90,"column":4},"end":{"line":90,"column":34}},"46":{"start":{"line":92,"column":4},"end":{"line":92,"column":14}},"47":{"start":{"line":69,"column":13},"end":{"line":69,"column":28}},"48":{"start":{"line":96,"column":28},"end":{"line":117,"column":1}},"49":{"start":{"line":101,"column":17},"end":{"line":101,"column":42}},"50":{"start":{"line":102,"column":2},"end":{"line":105,"column":3}},"51":{"start":{"line":103,"column":4},"end":{"line":103,"column":54}},"52":{"start":{"line":104,"column":4},"end":{"line":104,"column":11}},"53":{"start":{"line":107,"column":2},"end":{"line":116,"column":3}},"54":{"start":{"line":108,"column":20},"end":{"line":108,"column":75}},"55":{"start":{"line":109,"column":4},"end":{"line":112,"column":5}},"56":{"start":{"line":110,"column":6},"end":{"line":110,"column":61}},"57":{"start":{"line":111,"column":6},"end":{"line":111,"column":13}},"58":{"start":{"line":113,"column":4},"end":{"line":113,"column":69}},"59":{"start":{"line":115,"column":4},"end":{"line":115,"column":14}},"60":{"start":{"line":96,"column":13},"end":{"line":96,"column":28}},"61":{"start":{"line":120,"column":30},"end":{"line":148,"column":1}},"62":{"start":{"line":125,"column":17},"end":{"line":125,"column":42}},"63":{"start":{"line":126,"column":2},"end":{"line":129,"column":3}},"64":{"start":{"line":127,"column":4},"end":{"line":127,"column":54}},"65":{"start":{"line":128,"column":4},"end":{"line":128,"column":11}},"66":{"start":{"line":131,"column":2},"end":{"line":147,"column":3}},"67":{"start":{"line":132,"column":19},"end":{"line":140,"column":6}},"68":{"start":{"line":142,"column":18},"end":{"line":142,"column":76}},"69":{"start":{"line":144,"column":4},"end":{"line":144,"column":36}},"70":{"start":{"line":146,"column":4},"end":{"line":146,"column":14}},"71":{"start":{"line":120,"column":13},"end":{"line":120,"column":30}}},"fnMap":{"0":{"name":"(anonymous_1)","decl":{"start":{"line":6,"column":29},"end":{"line":6,"column":34}},"loc":{"start":{"line":10,"column":4},"end":{"line":23,"column":1}}},"1":{"name":"(anonymous_2)","decl":{"start":{"line":24,"column":35},"end":{"line":24,"column":40}},"loc":{"start":{"line":28,"column":4},"end":{"line":45,"column":1}}},"2":{"name":"(anonymous_3)","decl":{"start":{"line":47,"column":28},"end":{"line":47,"column":33}},"loc":{"start":{"line":51,"column":4},"end":{"line":67,"column":1}}},"3":{"name":"(anonymous_4)","decl":{"start":{"line":69,"column":28},"end":{"line":69,"column":33}},"loc":{"start":{"line":73,"column":4},"end":{"line":94,"column":1}}},"4":{"name":"(anonymous_5)","decl":{"start":{"line":96,"column":28},"end":{"line":96,"column":33}},"loc":{"start":{"line":100,"column":4},"end":{"line":117,"column":1}}},"5":{"name":"(anonymous_6)","decl":{"start":{"line":120,"column":30},"end":{"line":120,"column":35}},"loc":{"start":{"line":124,"column":4},"end":{"line":148,"column":1}}}},"branchMap":{"0":{"loc":{"start":{"line":12,"column":2},"end":{"line":15,"column":3}},"type":"if","locations":[{"start":{"line":12,"column":2},"end":{"line":15,"column":3}},{"start":{},"end":{}}]},"1":{"loc":{"start":{"line":30,"column":2},"end":{"line":33,"column":3}},"type":"if","locations":[{"start":{"line":30,"column":2},"end":{"line":33,"column":3}},{"start":{},"end":{}}]},"2":{"loc":{"start":{"line":35,"column":15},"end":{"line":35,"column":54}},"type":"binary-expr","locations":[{"start":{"line":35,"column":15},"end":{"line":35,"column":49}},{"start":{"line":35,"column":53},"end":{"line":35,"column":54}}]},"3":{"loc":{"start":{"line":36,"column":16},"end":{"line":36,"column":56}},"type":"binary-expr","locations":[{"start":{"line":36,"column":16},"end":{"line":36,"column":51}},{"start":{"line":36,"column":55},"end":{"line":36,"column":56}}]},"4":{"loc":{"start":{"line":53,"column":2},"end":{"line":56,"column":3}},"type":"if","locations":[{"start":{"line":53,"column":2},"end":{"line":56,"column":3}},{"start":{},"end":{}}]},"5":{"loc":{"start":{"line":75,"column":2},"end":{"line":78,"column":3}},"type":"if","locations":[{"start":{"line":75,"column":2},"end":{"line":78,"column":3}},{"start":{},"end":{}}]},"6":{"loc":{"start":{"line":86,"column":4},"end":{"line":89,"column":5}},"type":"if","locations":[{"start":{"line":86,"column":4},"end":{"line":89,"column":5}},{"start":{},"end":{}}]},"7":{"loc":{"start":{"line":102,"column":2},"end":{"line":105,"column":3}},"type":"if","locations":[{"start":{"line":102,"column":2},"end":{"line":105,"column":3}},{"start":{},"end":{}}]},"8":{"loc":{"start":{"line":109,"column":4},"end":{"line":112,"column":5}},"type":"if","locations":[{"start":{"line":109,"column":4},"end":{"line":112,"column":5}},{"start":{},"end":{}}]},"9":{"loc":{"start":{"line":126,"column":2},"end":{"line":129,"column":3}},"type":"if","locations":[{"start":{"line":126,"column":2},"end":{"line":129,"column":3}},{"start":{},"end":{}}]},"10":{"loc":{"start":{"line":142,"column":18},"end":{"line":142,"column":76}},"type":"cond-expr","locations":[{"start":{"line":142,"column":38},"end":{"line":142,"column":72}},{"start":{"line":142,"column":75},"end":{"line":142,"column":76}}]}},"s":{"0":1,"1":1,"2":1,"3":1,"4":3,"5":3,"6":1,"7":1,"8":2,"9":2,"10":1,"11":1,"12":1,"13":1,"14":3,"15":3,"16":1,"17":1,"18":2,"19":2,"20":2,"21":2,"22":1,"23":1,"24":1,"25":1,"26":3,"27":3,"28":1,"29":1,"30":2,"31":2,"32":1,"33":1,"34":1,"35":1,"36":4,"37":4,"38":1,"39":1,"40":3,"41":3,"42":2,"43":1,"44":1,"45":1,"46":1,"47":1,"48":1,"49":4,"50":4,"51":1,"52":1,"53":3,"54":3,"55":2,"56":1,"57":1,"58":1,"59":1,"60":1,"61":1,"62":3,"63":3,"64":1,"65":1,"66":2,"67":2,"68":0,"69":0,"70":2,"71":1},"f":{"0":3,"1":3,"2":3,"3":4,"4":4,"5":3},"b":{"0":[1,2],"1":[1,2],"2":[2,0],"3":[2,0],"4":[1,2],"5":[1,3],"6":[1,1],"7":[1,3],"8":[1,1],"9":[1,2],"10":[0,0]}}
,"D:\\Personal-Finance-Tracker-Backend\\src\\modules\\income\\income.repository.ts": {"path":"D:\\Personal-Finance-Tracker-Backend\\src\\modules\\income\\income.repository.ts","statementMap":{"0":{"start":{"line":1,"column":0},"end":{"line":1,"column":33}},"1":{"start":{"line":2,"column":0},"end":{"line":2,"column":54}},"2":{"start":{"line":5,"column":13},"end":{"line":61,"column":2}},"3":{"start":{"line":7,"column":4},"end":{"line":7,"column":36}},"4":{"start":{"line":11,"column":4},"end":{"line":13,"column":26}},"5":{"start":{"line":18,"column":17},"end":{"line":18,"column":35}},"6":{"start":{"line":20,"column":18},"end":{"line":23,"column":6}},"7":{"start":{"line":25,"column":26},"end":{"line":32,"column":6}},"8":{"start":{"line":34,"column":4},"end":{"line":39,"column":6}},"9":{"start":{"line":47,"column":4},"end":{"line":51,"column":45}},"10":{"start":{"line":55,"column":4},"end":{"line":59,"column":7}}},"fnMap":{"0":{"name":"(anonymous_1)","decl":{"start":{"line":6,"column":10},"end":{"line":6,"column":15}},"loc":{"start":{"line":6,"column":38},"end":{"line":8,"column":3}}},"1":{"name":"(anonymous_2)","decl":{"start":{"line":10,"column":17},"end":{"line":10,"column":22}},"loc":{"start":{"line":10,"column":42},"end":{"line":14,"column":3}}},"2":{"name":"(anonymous_3)","decl":{"start":{"line":17,"column":23},"end":{"line":17,"column":28}},"loc":{"start":{"line":17,"column":69},"end":{"line":40,"column":3}}},"3":{"name":"(anonymous_4)","decl":{"start":{"line":42,"column":14},"end":{"line":42,"column":19}},"loc":{"start":{"line":46,"column":6},"end":{"line":52,"column":3}}},"4":{"name":"(anonymous_5)","decl":{"start":{"line":54,"column":14},"end":{"line":54,"column":19}},"loc":{"start":{"line":54,"column":51},"end":{"line":60,"column":3}}}},"branchMap":{"0":{"loc":{"start":{"line":17,"column":46},"end":{"line":17,"column":54}},"type":"default-arg","locations":[{"start":{"line":17,"column":53},"end":{"line":17,"column":54}}]},"1":{"loc":{"start":{"line":17,"column":56},"end":{"line":17,"column":65}},"type":"default-arg","locations":[{"start":{"line":17,"column":64},"end":{"line":17,"column":65}}]}},"s":{"0":1,"1":1,"2":1,"3":0,"4":0,"5":0,"6":0,"7":0,"8":0,"9":0,"10":0},"f":{"0":0,"1":0,"2":0,"3":0,"4":0},"b":{"0":[0],"1":[0]}}
,"D:\\Personal-Finance-Tracker-Backend\\src\\modules\\income\\income.service.ts": {"path":"D:\\Personal-Finance-Tracker-Backend\\src\\modules\\income\\income.service.ts","statementMap":{"0":{"start":{"line":1,"column":0},"end":{"line":1,"column":33}},"1":{"start":{"line":2,"column":0},"end":{"line":2,"column":55}},"2":{"start":{"line":4,"column":0},"end":{"line":4,"column":54}},"3":{"start":{"line":8,"column":14},"end":{"line":8,"column":31}},"4":{"start":{"line":9,"column":2},"end":{"line":20,"column":4}},"5":{"start":{"line":23,"column":13},"end":{"line":103,"column":2}},"6":{"start":{"line":25,"column":33},"end":{"line":33,"column":6}},"7":{"start":{"line":35,"column":4},"end":{"line":37,"column":5}},"8":{"start":{"line":36,"column":6},"end":{"line":36,"column":67}},"9":{"start":{"line":39,"column":4},"end":{"line":41,"column":5}},"10":{"start":{"line":40,"column":6},"end":{"line":40,"column":66}},"11":{"start":{"line":43,"column":19},"end":{"line":43,"column":57}},"12":{"start":{"line":44,"column":4},"end":{"line":44,"column":35}},"13":{"start":{"line":47,"column":4},"end":{"line":52,"column":6}},"14":{"start":{"line":48,"column":30},"end":{"line":51,"column":8}},"15":{"start":{"line":56,"column":19},"end":{"line":64,"column":6}},"16":{"start":{"line":66,"column":4},"end":{"line":66,"column":33}},"17":{"start":{"line":70,"column":4},"end":{"line":71,"column":null}},"18":{"start":{"line":71,"column":6},"end":{"line":71,"column":34}},"19":{"start":{"line":79,"column":51},"end":{"line":85,"column":6}},"20":{"start":{"line":88,"column":4},"end":{"line":90,"column":5}},"21":{"start":{"line":89,"column":6},"end":{"line":89,"column":79}},"22":{"start":{"line":93,"column":4},"end":{"line":95,"column":5}},"23":{"start":{"line":94,"column":6},"end":{"line":94,"column":78}},"24":{"start":{"line":97,"column":4},"end":{"line":99,"column":6}},"25":{"start":{"line":102,"column":4},"end":{"line":102,"column":43}}},"fnMap":{"0":{"name":"normalizeAmount","decl":{"start":{"line":7,"column":9},"end":{"line":7,"column":24}},"loc":{"start":{"line":7,"column":36},"end":{"line":21,"column":1}}},"1":{"name":"(anonymous_2)","decl":{"start":{"line":24,"column":16},"end":{"line":24,"column":21}},"loc":{"start":{"line":24,"column":66},"end":{"line":45,"column":3}}},"2":{"name":"(anonymous_3)","decl":{"start":{"line":46,"column":23},"end":{"line":46,"column":24}},"loc":{"start":{"line":46,"column":63},"end":{"line":53,"column":3}}},"3":{"name":"(anonymous_4)","decl":{"start":{"line":48,"column":6},"end":{"line":48,"column":7}},"loc":{"start":{"line":48,"column":30},"end":{"line":51,"column":8}}},"4":{"name":"(anonymous_5)","decl":{"start":{"line":55,"column":24},"end":{"line":55,"column":29}},"loc":{"start":{"line":55,"column":49},"end":{"line":67,"column":3}}},"5":{"name":"(anonymous_6)","decl":{"start":{"line":69,"column":14},"end":{"line":69,"column":15}},"loc":{"start":{"line":70,"column":4},"end":{"line":71,"column":null}}},"6":{"name":"(anonymous_7)","decl":{"start":{"line":70,"column":48},"end":{"line":70,"column":49}},"loc":{"start":{"line":71,"column":6},"end":{"line":71,"column":34}}},"7":{"name":"(anonymous_8)","decl":{"start":{"line":74,"column":16},"end":{"line":74,"column":null}},"loc":{"start":{"line":78,"column":6},"end":{"line":100,"column":3}}},"8":{"name":"(anonymous_9)","decl":{"start":{"line":101,"column":16},"end":{"line":101,"column":17}},"loc":{"start":{"line":102,"column":4},"end":{"line":102,"column":43}}}},"branchMap":{"0":{"loc":{"start":{"line":13,"column":6},"end":{"line":19,"column":26}},"type":"cond-expr","locations":[{"start":{"line":14,"column":10},"end":{"line":18,"column":null}},{"start":{"line":19,"column":10},"end":{"line":19,"column":26}}]},"1":{"loc":{"start":{"line":13,"column":6},"end":{"line":13,"column":62}},"type":"binary-expr","locations":[{"start":{"line":13,"column":6},"end":{"line":13,"column":22}},{"start":{"line":13,"column":26},"end":{"line":13,"column":62}}]},"2":{"loc":{"start":{"line":35,"column":4},"end":{"line":37,"column":5}},"type":"if","locations":[{"start":{"line":35,"column":4},"end":{"line":37,"column":5}},{"start":{},"end":{}}]},"3":{"loc":{"start":{"line":35,"column":8},"end":{"line":35,"column":70}},"type":"binary-expr","locations":[{"start":{"line":35,"column":8},"end":{"line":35,"column":25}},{"start":{"line":35,"column":29},"end":{"line":35,"column":70}}]},"4":{"loc":{"start":{"line":39,"column":4},"end":{"line":41,"column":5}},"type":"if","locations":[{"start":{"line":39,"column":4},"end":{"line":41,"column":5}},{"start":{},"end":{}}]},"5":{"loc":{"start":{"line":46,"column":40},"end":{"line":46,"column":48}},"type":"default-arg","locations":[{"start":{"line":46,"column":47},"end":{"line":46,"column":48}}]},"6":{"loc":{"start":{"line":46,"column":50},"end":{"line":46,"column":59}},"type":"default-arg","locations":[{"start":{"line":46,"column":58},"end":{"line":46,"column":59}}]},"7":{"loc":{"start":{"line":66,"column":11},"end":{"line":66,"column":32}},"type":"binary-expr","locations":[{"start":{"line":66,"column":11},"end":{"line":66,"column":27}},{"start":{"line":66,"column":31},"end":{"line":66,"column":32}}]},"8":{"loc":{"start":{"line":88,"column":4},"end":{"line":90,"column":5}},"type":"if","locations":[{"start":{"line":88,"column":4},"end":{"line":90,"column":5}},{"start":{},"end":{}}]},"9":{"loc":{"start":{"line":88,"column":8},"end":{"line":88,"column":76}},"type":"binary-expr","locations":[{"start":{"line":88,"column":8},"end":{"line":88,"column":28}},{"start":{"line":88,"column":32},"end":{"line":88,"column":76}}]},"10":{"loc":{"start":{"line":93,"column":4},"end":{"line":95,"column":5}},"type":"if","locations":[{"start":{"line":93,"column":4},"end":{"line":95,"column":5}},{"start":{},"end":{}}]}},"s":{"0":1,"1":1,"2":1,"3":0,"4":0,"5":1,"6":0,"7":0,"8":0,"9":0,"10":0,"11":0,"12":0,"13":0,"14":0,"15":0,"16":0,"17":0,"18":0,"19":0,"20":0,"21":0,"22":0,"23":0,"24":0,"25":0},"f":{"0":0,"1":0,"2":0,"3":0,"4":0,"5":0,"6":0,"7":0,"8":0},"b":{"0":[0,0],"1":[0,0],"2":[0,0],"3":[0,0],"4":[0,0],"5":[0],"6":[0],"7":[0,0],"8":[0,0],"9":[0,0],"10":[0,0]}}
,"D:\\Personal-Finance-Tracker-Backend\\src\\modules\\transaction\\transaction.controller.ts": {"path":"D:\\Personal-Finance-Tracker-Backend\\src\\modules\\transaction\\transaction.controller.ts","statementMap":{"0":{"start":{"line":3,"column":0},"end":{"line":3,"column":60}},"1":{"start":{"line":5,"column":37},"end":{"line":27,"column":1}},"2":{"start":{"line":10,"column":17},"end":{"line":10,"column":42}},"3":{"start":{"line":11,"column":2},"end":{"line":14,"column":3}},"4":{"start":{"line":12,"column":4},"end":{"line":12,"column":54}},"5":{"start":{"line":13,"column":4},"end":{"line":13,"column":11}},"6":{"start":{"line":16,"column":16},"end":{"line":16,"column":56}},"7":{"start":{"line":18,"column":2},"end":{"line":26,"column":3}},"8":{"start":{"line":19,"column":25},"end":{"line":21,"column":null}},"9":{"start":{"line":23,"column":4},"end":{"line":23,"column":39}},"10":{"start":{"line":25,"column":4},"end":{"line":25,"column":14}},"11":{"start":{"line":5,"column":13},"end":{"line":5,"column":37}}},"fnMap":{"0":{"name":"(anonymous_9)","decl":{"start":{"line":5,"column":37},"end":{"line":5,"column":42}},"loc":{"start":{"line":9,"column":4},"end":{"line":27,"column":1}}}},"branchMap":{"0":{"loc":{"start":{"line":11,"column":2},"end":{"line":14,"column":3}},"type":"if","locations":[{"start":{"line":11,"column":2},"end":{"line":14,"column":3}},{"start":{},"end":{}}]},"1":{"loc":{"start":{"line":16,"column":16},"end":{"line":16,"column":56}},"type":"binary-expr","locations":[{"start":{"line":16,"column":16},"end":{"line":16,"column":51}},{"start":{"line":16,"column":55},"end":{"line":16,"column":56}}]}},"s":{"0":1,"1":1,"2":3,"3":3,"4":1,"5":1,"6":2,"7":2,"8":2,"9":1,"10":1,"11":1},"f":{"0":3},"b":{"0":[1,2],"1":[2,0]}}
,"D:\\Personal-Finance-Tracker-Backend\\src\\modules\\transaction\\transaction.repository.ts": {"path":"D:\\Personal-Finance-Tracker-Backend\\src\\modules\\transaction\\transaction.repository.ts","statementMap":{"0":{"start":{"line":1,"column":0},"end":{"line":1,"column":54}},"1":{"start":{"line":3,"column":38},"end":{"line":7,"column":1}},"2":{"start":{"line":4,"column":2},"end":{"line":6,"column":18}},"3":{"start":{"line":3,"column":13},"end":{"line":3,"column":38}}},"fnMap":{"0":{"name":"(anonymous_1)","decl":{"start":{"line":3,"column":38},"end":{"line":3,"column":43}},"loc":{"start":{"line":3,"column":78},"end":{"line":7,"column":1}}}},"branchMap":{},"s":{"0":1,"1":1,"2":0,"3":1},"f":{"0":0},"b":{}}
,"D:\\Personal-Finance-Tracker-Backend\\src\\modules\\transaction\\transaction.service.ts": {"path":"D:\\Personal-Finance-Tracker-Backend\\src\\modules\\transaction\\transaction.service.ts","statementMap":{"0":{"start":{"line":1,"column":0},"end":{"line":1,"column":60}},"1":{"start":{"line":3,"column":37},"end":{"line":5,"column":1}},"2":{"start":{"line":4,"column":2},"end":{"line":4,"column":63}},"3":{"start":{"line":3,"column":13},"end":{"line":3,"column":37}}},"fnMap":{"0":{"name":"(anonymous_9)","decl":{"start":{"line":3,"column":37},"end":{"line":3,"column":42}},"loc":{"start":{"line":3,"column":77},"end":{"line":5,"column":1}}}},"branchMap":{},"s":{"0":1,"1":1,"2":0,"3":1},"f":{"0":0},"b":{}}
,"D:\\Personal-Finance-Tracker-Backend\\src\\utils\\error\\AppError.ts": {"path":"D:\\Personal-Finance-Tracker-Backend\\src\\utils\\error\\AppError.ts","statementMap":{"0":{"start":{"line":6,"column":4},"end":{"line":6,"column":19}},"1":{"start":{"line":7,"column":4},"end":{"line":7,"column":33}},"2":{"start":{"line":8,"column":4},"end":{"line":8,"column":27}},"3":{"start":{"line":9,"column":4},"end":{"line":9,"column":52}},"4":{"start":{"line":1,"column":0},"end":{"line":1,"column":13}}},"fnMap":{"0":{"name":"(anonymous_0)","decl":{"start":{"line":5,"column":2},"end":{"line":5,"column":14}},"loc":{"start":{"line":5,"column":74},"end":{"line":10,"column":3}}}},"branchMap":{"0":{"loc":{"start":{"line":5,"column":31},"end":{"line":5,"column":47}},"type":"default-arg","locations":[{"start":{"line":5,"column":44},"end":{"line":5,"column":47}}]}},"s":{"0":10,"1":10,"2":10,"3":10,"4":5},"f":{"0":10},"b":{"0":[0]}}
}
