TN:
SF:models\Budget.ts
FN:25,(anonymous_9)
FN:30,(anonymous_10)
FNF:2
FNH:0
FNDA:0,(anonymous_9)
FNDA:0,(anonymous_10)
DA:1,3
DA:14,3
DA:25,3
DA:26,0
DA:27,0
DA:30,3
DA:31,0
DA:32,0
DA:35,3
DA:39,3
LF:10
LH:6
BRF:0
BRH:0
end_of_record
TN:
SF:models\Category.ts
FN:31,(anonymous_9)
FN:33,(anonymous_10)
FN:34,(anonymous_11)
FNF:3
FNH:0
FNDA:0,(anonymous_9)
FNDA:0,(anonymous_10)
FNDA:0,(anonymous_11)
DA:1,2
DA:3,2
DA:4,2
DA:17,2
DA:31,0
DA:33,0
DA:35,0
DA:72,2
DA:74,2
LF:9
LH:6
BRF:0
BRH:0
end_of_record
TN:
SF:models\Transaction.ts
FN:62,(anonymous_9)
FN:64,(anonymous_10)
FN:110,(anonymous_11)
FNF:3
FNH:0
FNDA:0,(anonymous_9)
FNDA:0,(anonymous_10)
FNDA:0,(anonymous_11)
DA:1,8
DA:3,8
DA:4,8
DA:26,8
DA:62,0
DA:64,0
DA:106,8
DA:107,8
DA:110,8
DA:111,0
DA:112,0
DA:113,0
DA:117,0
DA:118,0
DA:119,0
DA:126,0
DA:129,8
DA:134,8
LF:18
LH:9
BRDA:111,0,0,0
BRDA:111,0,1,0
BRDA:112,1,0,0
BRDA:112,1,1,0
BRDA:112,2,0,0
BRDA:112,2,1,0
BRDA:117,3,0,0
BRDA:117,3,1,0
BRDA:118,4,0,0
BRDA:118,4,1,0
BRDA:118,5,0,0
BRDA:118,5,1,0
BRF:12
BRH:0
end_of_record
TN:
SF:models\User.ts
FN:10,(anonymous_10)
FN:61,(anonymous_11)
FN:68,(anonymous_12)
FN:73,(anonymous_13)
FN:78,(anonymous_14)
FNF:5
FNH:1
FNDA:5,(anonymous_10)
FNDA:0,(anonymous_11)
FNDA:0,(anonymous_12)
FNDA:0,(anonymous_13)
FNDA:0,(anonymous_14)
DA:1,5
DA:2,5
DA:10,5
DA:12,5
DA:39,5
DA:61,5
DA:62,0
DA:63,0
DA:64,0
DA:65,0
DA:68,5
DA:69,0
DA:70,0
DA:73,5
DA:74,0
DA:75,0
DA:78,5
DA:81,0
DA:84,5
DA:88,5
LF:20
LH:11
BRDA:10,0,0,5
BRDA:10,0,1,5
BRDA:62,1,0,0
BRDA:62,1,1,0
BRF:4
BRH:2
end_of_record
TN:
SF:src\modules\auth\auth.controller.ts
FN:5,(anonymous_0)
FN:32,(anonymous_1)
FN:62,(anonymous_2)
FN:79,(anonymous_3)
FN:99,(anonymous_4)
FNF:5
FNH:5
FNDA:2,(anonymous_0)
FNDA:2,(anonymous_1)
FNDA:1,(anonymous_2)
FNDA:3,(anonymous_3)
FNDA:3,(anonymous_4)
DA:2,1
DA:5,1
DA:10,2
DA:11,2
DA:23,1
DA:28,1
DA:32,1
DA:37,2
DA:38,2
DA:50,1
DA:57,1
DA:62,1
DA:67,1
DA:69,1
DA:76,1
DA:79,1
DA:84,3
DA:85,3
DA:86,1
DA:87,1
DA:90,2
DA:91,2
DA:92,1
DA:93,1
DA:95,1
DA:99,1
DA:104,3
DA:105,3
DA:106,1
DA:107,1
DA:110,2
DA:111,2
DA:112,1
DA:114,1
LF:34
LH:34
BRDA:72,0,0,0
BRDA:72,0,1,1
BRDA:85,1,0,1
BRDA:85,1,1,2
BRDA:105,2,0,1
BRDA:105,2,1,2
BRF:6
BRH:5
end_of_record
TN:
SF:src\modules\auth\auth.middleware.ts
FN:9,(anonymous_1)
FNF:1
FNH:1
FNDA:5,(anonymous_1)
DA:2,1
DA:3,1
DA:4,1
DA:5,1
DA:7,1
DA:9,1
DA:14,5
DA:18,5
DA:19,5
DA:20,3
DA:24,5
DA:25,1
DA:29,5
DA:30,1
DA:34,4
DA:39,3
DA:40,3
DA:41,1
DA:44,2
DA:45,2
DA:47,1
DA:48,1
DA:52,1
LF:23
LH:23
BRDA:19,0,0,3
BRDA:19,0,1,2
BRDA:24,1,0,1
BRDA:24,1,1,4
BRDA:24,2,0,5
BRDA:24,2,1,2
BRDA:29,3,0,1
BRDA:29,3,1,4
BRDA:40,4,0,1
BRDA:40,4,1,2
BRF:10
BRH:10
end_of_record
TN:
SF:src\modules\auth\auth.repository.ts
FN:5,(anonymous_1)
FN:6,(anonymous_2)
FN:7,(anonymous_3)
FN:8,(anonymous_4)
FNF:4
FNH:4
FNDA:1,(anonymous_1)
FNDA:1,(anonymous_2)
FNDA:1,(anonymous_3)
FNDA:1,(anonymous_4)
DA:1,3
DA:4,3
DA:5,1
DA:6,1
DA:7,1
DA:8,1
LF:6
LH:6
BRF:0
BRH:0
end_of_record
TN:
SF:src\modules\auth\auth.service.ts
FN:11,(anonymous_1)
FN:22,(anonymous_2)
FN:37,(anonymous_3)
FN:43,(anonymous_4)
FN:48,(anonymous_5)
FNF:5
FNH:4
FNDA:2,(anonymous_1)
FNDA:3,(anonymous_2)
FNDA:2,(anonymous_3)
FNDA:2,(anonymous_4)
FNDA:0,(anonymous_5)
DA:2,2
DA:3,2
DA:4,2
DA:6,2
DA:8,2
DA:10,2
DA:12,2
DA:13,2
DA:15,1
DA:16,1
DA:23,3
DA:24,3
DA:26,2
DA:27,2
DA:29,1
DA:38,2
DA:39,2
DA:40,1
DA:44,2
DA:45,2
DA:49,0
LF:21
LH:20
BRDA:13,0,0,1
BRDA:13,0,1,1
BRDA:24,1,0,1
BRDA:24,1,1,2
BRDA:27,2,0,1
BRDA:27,2,1,1
BRDA:39,3,0,1
BRDA:39,3,1,1
BRDA:45,4,0,1
BRDA:45,4,1,1
BRF:10
BRH:10
end_of_record
TN:
SF:src\modules\auth\auth.validator.ts
FNF:0
FNH:0
DA:1,1
DA:3,1
DA:10,1
LF:3
LH:3
BRF:0
BRH:0
end_of_record
TN:
SF:src\modules\auth\user.controller.ts
FN:4,(anonymous_1)
FNF:1
FNH:1
FNDA:4,(anonymous_1)
DA:2,1
DA:4,1
DA:9,4
DA:10,4
DA:11,3
DA:12,3
DA:13,3
DA:18,2
DA:19,1
DA:21,1
LF:10
LH:10
BRDA:10,0,0,1
BRDA:10,0,1,3
BRDA:18,1,0,1
BRDA:18,1,1,1
BRF:4
BRH:4
end_of_record
TN:
SF:src\modules\balance\balance.controller.ts
FN:4,(anonymous_0)
FNF:1
FNH:1
FNDA:3,(anonymous_0)
DA:2,1
DA:4,1
DA:9,3
DA:10,3
DA:11,1
DA:12,1
DA:14,2
DA:15,2
DA:16,1
DA:18,1
LF:10
LH:10
BRDA:10,0,0,1
BRDA:10,0,1,2
BRF:2
BRH:2
end_of_record
TN:
SF:src\modules\balance\balance.repository.ts
FN:4,(anonymous_1)
FN:18,(anonymous_2)
FNF:2
FNH:2
FNDA:2,(anonymous_1)
FNDA:2,(anonymous_2)
DA:1,3
DA:2,3
DA:4,3
DA:5,2
DA:15,0
DA:18,3
DA:19,2
DA:30,0
LF:8
LH:6
BRDA:15,0,0,0
BRDA:15,0,1,0
BRDA:30,1,0,0
BRDA:30,1,1,0
BRF:4
BRH:0
end_of_record
TN:
SF:src\modules\balance\balance.service.ts
FN:3,(anonymous_9)
FNF:1
FNH:1
FNDA:2,(anonymous_9)
DA:1,2
DA:3,2
DA:4,2
DA:8,1
LF:4
LH:4
BRF:0
BRH:0
end_of_record
TN:
SF:src\modules\budget\budget.controller.ts
FN:5,(anonymous_1)
FN:23,(anonymous_2)
FN:48,(anonymous_3)
FN:81,(anonymous_4)
FNF:4
FNH:4
FNDA:3,(anonymous_1)
FNDA:4,(anonymous_2)
FNDA:5,(anonymous_3)
FNDA:3,(anonymous_4)
DA:2,1
DA:3,1
DA:5,1
DA:10,3
DA:11,3
DA:12,1
DA:13,1
DA:15,2
DA:16,2
DA:17,1
DA:19,1
DA:23,1
DA:28,4
DA:29,4
DA:30,1
DA:31,1
DA:33,3
DA:34,3
DA:35,3
DA:36,1
DA:39,1
DA:41,2
DA:42,1
DA:44,1
DA:48,1
DA:53,5
DA:54,5
DA:55,1
DA:56,1
DA:58,4
DA:59,4
DA:60,4
DA:61,1
DA:64,1
DA:66,3
DA:71,2
DA:72,1
DA:73,1
DA:75,1
DA:77,1
DA:81,1
DA:86,3
DA:87,3
DA:88,1
DA:89,1
DA:91,2
DA:92,2
DA:96,1
DA:98,1
LF:49
LH:49
BRDA:11,0,0,1
BRDA:11,0,1,2
BRDA:29,1,0,1
BRDA:29,1,1,3
BRDA:35,2,0,1
BRDA:35,2,1,2
BRDA:54,3,0,1
BRDA:54,3,1,4
BRDA:60,4,0,1
BRDA:60,4,1,3
BRDA:71,5,0,1
BRDA:71,5,1,1
BRDA:87,6,0,1
BRDA:87,6,1,2
BRF:14
BRH:14
end_of_record
TN:
SF:src\modules\budget\budget.management.controller.ts
FN:5,(anonymous_0)
FN:21,(anonymous_1)
FN:37,(anonymous_2)
FNF:3
FNH:3
FNDA:3,(anonymous_0)
FNDA:3,(anonymous_1)
FNDA:3,(anonymous_2)
DA:5,1
DA:10,3
DA:11,3
DA:12,2
DA:14,2
DA:15,2
DA:17,1
DA:21,1
DA:26,3
DA:27,3
DA:28,2
DA:30,2
DA:31,2
DA:33,1
DA:37,1
DA:42,3
DA:43,3
DA:44,2
DA:46,2
DA:47,2
DA:48,2
DA:50,1
LF:22
LH:22
BRDA:11,0,0,1
BRDA:11,0,1,2
BRDA:27,1,0,1
BRDA:27,1,1,2
BRDA:43,2,0,1
BRDA:43,2,1,2
BRDA:47,3,0,0
BRDA:47,3,1,2
BRF:8
BRH:7
end_of_record
TN:
SF:src\modules\budget\budget.overview.controller.ts
FN:7,(anonymous_1)
FN:56,(anonymous_2)
FN:65,(anonymous_3)
FNF:3
FNH:1
FNDA:3,(anonymous_1)
FNDA:0,(anonymous_2)
FNDA:0,(anonymous_3)
DA:2,1
DA:3,1
DA:4,1
DA:5,1
DA:7,1
DA:12,3
DA:13,3
DA:14,1
DA:15,1
DA:18,2
DA:19,2
DA:20,2
DA:30,2
DA:32,2
DA:37,1
DA:55,0
DA:57,0
DA:58,0
DA:64,0
DA:67,0
DA:68,0
DA:76,0
DA:78,2
LF:23
LH:16
BRDA:13,0,0,1
BRDA:13,0,1,2
BRDA:57,1,0,0
BRDA:57,1,1,0
BRDA:69,2,0,0
BRDA:69,2,1,0
BRDA:70,3,0,0
BRDA:70,3,1,0
BRF:8
BRH:2
end_of_record
TN:
SF:src\modules\budget\budget.repository.ts
FN:5,(anonymous_1)
FN:9,(anonymous_2)
FN:13,(anonymous_3)
FN:23,(anonymous_4)
FNF:4
FNH:4
FNDA:1,(anonymous_1)
FNDA:1,(anonymous_2)
FNDA:1,(anonymous_3)
FNDA:1,(anonymous_4)
DA:2,1
DA:5,1
DA:6,1
DA:9,1
DA:10,1
DA:13,1
DA:18,1
DA:23,1
DA:24,1
LF:9
LH:9
BRF:0
BRH:0
end_of_record
TN:
SF:src\modules\budget\budget.validator.ts
FNF:0
FNH:0
DA:1,1
DA:3,1
LF:2
LH:2
BRF:0
BRH:0
end_of_record
TN:
SF:src\modules\category\category.controller.ts
FN:4,(anonymous_1)
FNF:1
FNH:1
FNDA:2,(anonymous_1)
DA:2,1
DA:4,1
DA:9,2
DA:10,2
DA:11,1
DA:13,1
LF:6
LH:6
BRF:0
BRH:0
end_of_record
TN:
SF:src\modules\expense\expense.controller.ts
FN:6,(anonymous_0)
FN:35,(anonymous_1)
FN:55,(anonymous_2)
FN:73,(anonymous_3)
FN:95,(anonymous_4)
FN:113,(anonymous_5)
FN:143,(anonymous_6)
FNF:7
FNH:7
FNDA:4,(anonymous_0)
FNDA:3,(anonymous_1)
FNDA:3,(anonymous_2)
FNDA:3,(anonymous_3)
FNDA:3,(anonymous_4)
FNDA:3,(anonymous_5)
FNDA:3,(anonymous_6)
DA:4,1
DA:6,1
DA:11,4
DA:12,4
DA:13,4
DA:14,1
DA:15,1
DA:17,3
DA:18,3
DA:19,1
DA:22,1
DA:25,2
DA:26,1
DA:28,1
DA:32,1
DA:35,1
DA:40,3
DA:41,3
DA:42,1
DA:43,1
DA:46,2
DA:47,2
DA:48,2
DA:49,1
DA:51,1
DA:55,1
DA:60,3
DA:61,3
DA:62,1
DA:63,1
DA:65,2
DA:66,2
DA:67,1
DA:69,1
DA:73,1
DA:78,3
DA:79,3
DA:80,1
DA:81,1
DA:83,2
DA:84,2
DA:89,1
DA:91,1
DA:95,1
DA:100,3
DA:101,3
DA:102,1
DA:103,1
DA:105,2
DA:106,2
DA:107,1
DA:109,1
DA:113,1
DA:118,3
DA:119,3
DA:120,3
DA:122,1
DA:123,1
DA:127,2
DA:128,2
DA:130,2
DA:136,1
DA:138,1
DA:139,1
DA:143,1
DA:148,3
DA:149,3
DA:150,1
DA:151,1
DA:153,2
DA:154,2
DA:155,1
DA:157,1
LF:73
LH:73
BRDA:13,0,0,1
BRDA:13,0,1,3
BRDA:18,1,0,1
BRDA:18,1,1,2
BRDA:18,2,0,3
BRDA:18,2,1,2
BRDA:41,3,0,1
BRDA:41,3,1,2
BRDA:61,4,0,1
BRDA:61,4,1,2
BRDA:79,5,0,1
BRDA:79,5,1,2
BRDA:101,6,0,1
BRDA:101,6,1,2
BRDA:120,7,0,1
BRDA:120,7,1,2
BRDA:127,8,0,2
BRDA:127,8,1,0
BRDA:128,9,0,2
BRDA:128,9,1,0
BRDA:149,10,0,1
BRDA:149,10,1,2
BRF:22
BRH:20
end_of_record
TN:
SF:src\modules\expense\expense.repository.ts
FN:6,(anonymous_1)
FN:59,(anonymous_2)
FN:69,(anonymous_3)
FN:79,(anonymous_4)
FN:87,(anonymous_5)
FN:91,(anonymous_6)
FN:110,(anonymous_7)
FN:117,(anonymous_8)
FN:129,(anonymous_9)
FN:138,(anonymous_10)
FN:159,(anonymous_11)
FN:171,(anonymous_12)
FNF:12
FNH:0
FNDA:0,(anonymous_1)
FNDA:0,(anonymous_2)
FNDA:0,(anonymous_3)
FNDA:0,(anonymous_4)
FNDA:0,(anonymous_5)
FNDA:0,(anonymous_6)
FNDA:0,(anonymous_7)
FNDA:0,(anonymous_8)
FNDA:0,(anonymous_9)
FNDA:0,(anonymous_10)
FNDA:0,(anonymous_11)
FNDA:0,(anonymous_12)
DA:1,2
DA:2,2
DA:5,2
DA:10,0
DA:11,0
DA:13,0
DA:14,0
DA:15,0
DA:16,0
DA:59,0
DA:70,0
DA:80,0
DA:88,0
DA:96,0
DA:98,0
DA:99,0
DA:100,0
DA:101,0
DA:102,0
DA:103,0
DA:106,0
DA:108,0
DA:111,0
DA:118,0
DA:130,0
DA:139,0
DA:154,0
DA:156,0
DA:164,0
DA:172,0
LF:30
LH:3
BRDA:10,0,0,0
BRDA:10,0,1,0
BRDA:60,1,0,0
BRDA:60,1,1,0
BRDA:62,2,0,0
BRDA:62,2,1,0
BRDA:62,3,0,0
BRDA:62,3,1,0
BRDA:62,3,2,0
BRDA:98,4,0,0
BRDA:98,4,1,0
BRDA:101,5,0,0
BRDA:101,5,1,0
BRDA:156,6,0,0
BRDA:156,6,1,0
BRF:15
BRH:0
end_of_record
TN:
SF:src\modules\expense\expense.service.ts
FN:8,normalizeAmount
FN:17,(anonymous_2)
FN:22,(anonymous_3)
FN:27,(anonymous_4)
FN:37,(anonymous_5)
FN:42,(anonymous_6)
FN:58,(anonymous_7)
FNF:7
FNH:7
FNDA:5,normalizeAmount
FNDA:1,(anonymous_2)
FNDA:1,(anonymous_3)
FNDA:2,(anonymous_4)
FNDA:2,(anonymous_5)
FNDA:1,(anonymous_6)
FNDA:2,(anonymous_7)
DA:2,2
DA:3,2
DA:4,2
DA:5,2
DA:9,5
DA:10,5
DA:16,2
DA:18,1
DA:19,1
DA:23,1
DA:24,1
DA:32,2
DA:33,2
DA:34,1
DA:38,2
DA:39,2
DA:40,1
DA:43,1
DA:45,1
DA:50,1
DA:59,2
DA:76,0
DA:77,0
DA:79,0
LF:24
LH:21
BRDA:33,0,0,1
BRDA:33,0,1,1
BRDA:39,1,0,1
BRDA:39,1,1,1
BRDA:77,2,0,0
BRDA:77,2,1,0
BRF:6
BRH:4
end_of_record
TN:
SF:src\modules\income\income.controller.ts
FN:6,(anonymous_1)
FN:24,(anonymous_2)
FN:47,(anonymous_3)
FN:69,(anonymous_4)
FN:96,(anonymous_5)
FN:120,(anonymous_6)
FNF:6
FNH:6
FNDA:3,(anonymous_1)
FNDA:3,(anonymous_2)
FNDA:3,(anonymous_3)
FNDA:4,(anonymous_4)
FNDA:4,(anonymous_5)
FNDA:3,(anonymous_6)
DA:2,1
DA:3,1
DA:4,1
DA:6,1
DA:11,3
DA:12,3
DA:13,1
DA:14,1
DA:17,2
DA:18,2
DA:19,1
DA:21,1
DA:24,1
DA:29,3
DA:30,3
DA:31,1
DA:32,1
DA:35,2
DA:36,2
DA:38,2
DA:39,2
DA:41,1
DA:43,1
DA:47,1
DA:52,3
DA:53,3
DA:54,1
DA:55,1
DA:58,2
DA:59,2
DA:63,1
DA:65,1
DA:69,1
DA:74,4
DA:75,4
DA:76,1
DA:77,1
DA:80,3
DA:81,3
DA:86,2
DA:87,1
DA:88,1
DA:90,1
DA:92,1
DA:96,1
DA:101,4
DA:102,4
DA:103,1
DA:104,1
DA:107,3
DA:108,3
DA:109,2
DA:110,1
DA:111,1
DA:113,1
DA:115,1
DA:120,1
DA:125,3
DA:126,3
DA:127,1
DA:128,1
DA:131,2
DA:132,2
DA:142,0
DA:144,0
DA:146,2
LF:66
LH:64
BRDA:12,0,0,1
BRDA:12,0,1,2
BRDA:30,1,0,1
BRDA:30,1,1,2
BRDA:35,2,0,2
BRDA:35,2,1,0
BRDA:36,3,0,2
BRDA:36,3,1,0
BRDA:53,4,0,1
BRDA:53,4,1,2
BRDA:75,5,0,1
BRDA:75,5,1,3
BRDA:86,6,0,1
BRDA:86,6,1,1
BRDA:102,7,0,1
BRDA:102,7,1,3
BRDA:109,8,0,1
BRDA:109,8,1,1
BRDA:126,9,0,1
BRDA:126,9,1,2
BRDA:142,10,0,0
BRDA:142,10,1,0
BRF:22
BRH:18
end_of_record
TN:
SF:src\modules\income\income.repository.ts
FN:6,(anonymous_1)
FN:10,(anonymous_2)
FN:17,(anonymous_3)
FN:42,(anonymous_4)
FN:54,(anonymous_5)
FNF:5
FNH:0
FNDA:0,(anonymous_1)
FNDA:0,(anonymous_2)
FNDA:0,(anonymous_3)
FNDA:0,(anonymous_4)
FNDA:0,(anonymous_5)
DA:1,1
DA:2,1
DA:5,1
DA:7,0
DA:11,0
DA:18,0
DA:20,0
DA:25,0
DA:34,0
DA:47,0
DA:55,0
LF:11
LH:3
BRDA:17,0,0,0
BRDA:17,1,0,0
BRF:2
BRH:0
end_of_record
TN:
SF:src\modules\income\income.service.ts
FN:7,normalizeAmount
FN:24,(anonymous_2)
FN:46,(anonymous_3)
FN:48,(anonymous_4)
FN:55,(anonymous_5)
FN:69,(anonymous_6)
FN:70,(anonymous_7)
FN:74,(anonymous_8)
FN:101,(anonymous_9)
FNF:9
FNH:0
FNDA:0,normalizeAmount
FNDA:0,(anonymous_2)
FNDA:0,(anonymous_3)
FNDA:0,(anonymous_4)
FNDA:0,(anonymous_5)
FNDA:0,(anonymous_6)
FNDA:0,(anonymous_7)
FNDA:0,(anonymous_8)
FNDA:0,(anonymous_9)
DA:1,1
DA:2,1
DA:4,1
DA:8,0
DA:9,0
DA:23,1
DA:25,0
DA:35,0
DA:36,0
DA:39,0
DA:40,0
DA:43,0
DA:44,0
DA:47,0
DA:48,0
DA:56,0
DA:66,0
DA:70,0
DA:71,0
DA:79,0
DA:88,0
DA:89,0
DA:93,0
DA:94,0
DA:97,0
DA:102,0
LF:26
LH:4
BRDA:13,0,0,0
BRDA:13,0,1,0
BRDA:13,1,0,0
BRDA:13,1,1,0
BRDA:35,2,0,0
BRDA:35,2,1,0
BRDA:35,3,0,0
BRDA:35,3,1,0
BRDA:39,4,0,0
BRDA:39,4,1,0
BRDA:46,5,0,0
BRDA:46,6,0,0
BRDA:66,7,0,0
BRDA:66,7,1,0
BRDA:88,8,0,0
BRDA:88,8,1,0
BRDA:88,9,0,0
BRDA:88,9,1,0
BRDA:93,10,0,0
BRDA:93,10,1,0
BRF:20
BRH:0
end_of_record
TN:
SF:src\modules\transaction\transaction.controller.ts
FN:5,(anonymous_9)
FNF:1
FNH:1
FNDA:3,(anonymous_9)
DA:3,1
DA:5,1
DA:10,3
DA:11,3
DA:12,1
DA:13,1
DA:16,2
DA:18,2
DA:19,2
DA:23,1
DA:25,1
LF:11
LH:11
BRDA:11,0,0,1
BRDA:11,0,1,2
BRDA:16,1,0,2
BRDA:16,1,1,0
BRF:4
BRH:3
end_of_record
TN:
SF:src\modules\transaction\transaction.repository.ts
FN:3,(anonymous_1)
FNF:1
FNH:0
FNDA:0,(anonymous_1)
DA:1,1
DA:3,1
DA:4,0
LF:3
LH:2
BRF:0
BRH:0
end_of_record
TN:
SF:src\modules\transaction\transaction.service.ts
FN:3,(anonymous_9)
FNF:1
FNH:0
FNDA:0,(anonymous_9)
DA:1,1
DA:3,1
DA:4,0
LF:3
LH:2
BRF:0
BRH:0
end_of_record
TN:
SF:src\utils\error\AppError.ts
FN:5,(anonymous_0)
FNF:1
FNH:1
FNDA:10,(anonymous_0)
DA:1,5
DA:6,10
DA:7,10
DA:8,10
DA:9,10
LF:5
LH:5
BRDA:5,0,0,0
BRF:1
BRH:0
end_of_record
